#
# There is insufficient memory for the Java Runtime Environment to continue.
# Native memory allocation (malloc) failed to allocate 2128896 bytes for Chunk::new
# Possible reasons:
#   The system is out of physical RAM or swap space
#   In 32 bit mode, the process size limit was hit
# Possible solutions:
#   Reduce memory load on the system
#   Increase physical memory or swap space
#   Check if swap backing store is full
#   Use 64 bit Java on a 64 bit OS
#   Decrease Java heap size (-Xmx/-Xms)
#   Decrease number of Java threads
#   Decrease Java thread stack sizes (-Xss)
#   Set larger code cache with -XX:ReservedCodeCacheSize=
# This output file may be truncated or incomplete.
#
#  Out of Memory Error (allocation.cpp:390), pid=7596, tid=9136
#
# JRE version: Java(TM) SE Runtime Environment (8.0_66-b18) (build 1.8.0_66-b18)
# Java VM: Java HotSpot(TM) 64-Bit Server VM (25.66-b18 mixed mode windows-amd64 compressed oops)
# Failed to write core dump. Minidumps are not enabled by default on client versions of Windows
#

---------------  T H R E A D  ---------------

Current thread (0x000000001532e800):  JavaThread "C2 CompilerThread0" daemon [_thread_in_native, id=9136, stack(0x00000000169c0000,0x0000000016ac0000)]

Stack: [0x00000000169c0000,0x0000000016ac0000]
[error occurred during error reporting (printing stack bounds), id 0xc0000005]

Native frames: (J=compiled Java code, j=interpreted, Vv=VM code, C=native code)


Current CompileTask:
C2:  13576 4250   !   4       java.net.URLClassLoader$1::run (63 bytes)


---------------  P R O C E S S  ---------------

Java Threads: ( => current thread )
  0x00000000183e7800 JavaThread "File lock request listener" [_thread_in_native, id=13656, stack(0x0000000019d60000,0x0000000019e60000)]
  0x0000000017e0e000 JavaThread "Stdin handler" [_thread_blocked, id=15348, stack(0x0000000019660000,0x0000000019760000)]
  0x0000000017ed8800 JavaThread "Daemon worker" [_thread_in_vm, id=15392, stack(0x0000000019560000,0x0000000019660000)]
  0x0000000017fc8000 JavaThread "Cancel handler" [_thread_blocked, id=9452, stack(0x0000000019460000,0x0000000019560000)]
  0x0000000017fd3800 JavaThread "Handler for socket connection from /127.0.0.1:62352 to /127.0.0.1:62353" [_thread_in_native, id=14924, stack(0x0000000019360000,0x0000000019460000)]
  0x0000000017f87000 JavaThread "Daemon" [_thread_blocked, id=10656, stack(0x0000000019260000,0x0000000019360000)]
  0x0000000017db9000 JavaThread "Incoming local TCP Connector on port 62352" [_thread_in_native, id=14900, stack(0x0000000018e10000,0x0000000018f10000)]
  0x0000000016cc2800 JavaThread "Service Thread" daemon [_thread_blocked, id=7860, stack(0x00000000170c0000,0x00000000171c0000)]
  0x0000000015338800 JavaThread "C1 CompilerThread2" daemon [_thread_blocked, id=15324, stack(0x0000000016bc0000,0x0000000016cc0000)]
  0x0000000015332000 JavaThread "C2 CompilerThread1" daemon [_thread_in_native, id=15240, stack(0x0000000016ac0000,0x0000000016bc0000)]
=>0x000000001532e800 JavaThread "C2 CompilerThread0" daemon [_thread_in_native, id=9136, stack(0x00000000169c0000,0x0000000016ac0000)]
  0x000000001532d000 JavaThread "Attach Listener" daemon [_thread_blocked, id=13136, stack(0x00000000168c0000,0x00000000169c0000)]
  0x000000001532b800 JavaThread "Signal Dispatcher" daemon [_thread_blocked, id=11084, stack(0x00000000167c0000,0x00000000168c0000)]
  0x0000000002c37800 JavaThread "Finalizer" daemon [_thread_blocked, id=13620, stack(0x00000000165b0000,0x00000000166b0000)]
  0x00000000152f9000 JavaThread "Reference Handler" daemon [_thread_blocked, id=11936, stack(0x00000000164b0000,0x00000000165b0000)]
  0x0000000002b42800 JavaThread "main" [_thread_blocked, id=7680, stack(0x00000000029f0000,0x0000000002af0000)]

Other Threads:
  0x00000000152f7800 VMThread [stack: 0x00000000163b0000,0x00000000164b0000] [id=5692]
  0x0000000016cc7800 WatcherThread [stack: 0x00000000171c0000,0x00000000172c0000] [id=6616]

VM state:not at safepoint (normal execution)

VM Mutex/Monitor currently owned by a thread: None

Heap:
 PSYoungGen      total 167936K, used 27238K [0x00000000eab00000, 0x00000000f6380000, 0x0000000100000000)
  eden space 152576K, 7% used [0x00000000eab00000,0x00000000eb69dca8,0x00000000f4000000)
  from space 15360K, 99% used [0x00000000f5180000,0x00000000f607be90,0x00000000f6080000)
  to   space 17920K, 0% used [0x00000000f4000000,0x00000000f4000000,0x00000000f5180000)
 ParOldGen       total 59392K, used 21248K [0x00000000c0000000, 0x00000000c3a00000, 0x00000000eab00000)
  object space 59392K, 35% used [0x00000000c0000000,0x00000000c14c0008,0x00000000c3a00000)
 Metaspace       used 40043K, capacity 40982K, committed 41088K, reserved 1085440K
  class space    used 5453K, capacity 5655K, committed 5760K, reserved 1048576K

Card table byte_map: [0x0000000012000000,0x0000000012210000] byte_map_base: 0x0000000011a00000

Marking Bits: (ParMarkBitMap*) 0x000000005ac0a5b0
 Begin Bits: [0x0000000012770000, 0x0000000013770000)
 End Bits:   [0x0000000013770000, 0x0000000014770000)

Polling page: 0x0000000002af0000

CodeCache: size=245760Kb used=16240Kb max_used=16240Kb free=229520Kb
 bounds [0x0000000002c40000, 0x0000000003c30000, 0x0000000011c40000]
 total_blobs=5083 nmethods=4401 adapters=594
 compilation: enabled

Compilation events (10 events):
Event: 13.541 Thread 0x0000000015338800 4652       3       sun.reflect.generics.reflectiveObjects.LazyReflectiveObjectGenerator::getReifier (8 bytes)
Event: 13.542 Thread 0x0000000015338800 nmethod 4652 0x0000000003c1be50 code [0x0000000003c1bfc0, 0x0000000003c1c2b0]
Event: 13.543 Thread 0x0000000015338800 4653       3       groovyjarjarasm.asm.ByteVector::a (52 bytes)
Event: 13.543 Thread 0x0000000015338800 nmethod 4653 0x0000000003c24610 code [0x0000000003c24780, 0x0000000003c249e8]
Event: 13.543 Thread 0x0000000015338800 4654       3       org.codehaus.groovy.reflection.ParameterTypes::getNativeParameterTypes (16 bytes)
Event: 13.543 Thread 0x0000000015338800 nmethod 4654 0x0000000003c24210 code [0x0000000003c24380, 0x0000000003c24568]
Event: 13.550 Thread 0x0000000015338800 4655       2       java.security.CodeSource::matchCerts (254 bytes)
Event: 13.551 Thread 0x0000000015338800 nmethod 4655 0x0000000003c27690 code [0x0000000003c27860, 0x0000000003c27e38]
Event: 13.553 Thread 0x0000000015338800 4656       3       sun.misc.IOUtils::readFully (138 bytes)
Event: 13.554 Thread 0x0000000015338800 nmethod 4656 0x0000000003c29ed0 code [0x0000000003c2a0e0, 0x0000000003c2acd8]

GC Heap History (10 events):
Event: 6.554 GC heap before
{Heap before GC invocations=8 (full 1):
 PSYoungGen      total 97280K, used 88992K [0x00000000eab00000, 0x00000000f1500000, 0x0000000100000000)
  eden space 87040K, 100% used [0x00000000eab00000,0x00000000f0000000,0x00000000f0000000)
  from space 10240K, 19% used [0x00000000f0b00000,0x00000000f0ce8030,0x00000000f1500000)
  to   space 10752K, 0% used [0x00000000f0000000,0x00000000f0000000,0x00000000f0a80000)
 ParOldGen       total 59392K, used 8266K [0x00000000c0000000, 0x00000000c3a00000, 0x00000000eab00000)
  object space 59392K, 13% used [0x00000000c0000000,0x00000000c0812b90,0x00000000c3a00000)
 Metaspace       used 23832K, capacity 24340K, committed 24576K, reserved 1071104K
  class space    used 3089K, capacity 3238K, committed 3328K, reserved 1048576K
Event: 6.574 GC heap after
Heap after GC invocations=8 (full 1):
 PSYoungGen      total 97792K, used 5176K [0x00000000eab00000, 0x00000000f3a00000, 0x0000000100000000)
  eden space 87040K, 0% used [0x00000000eab00000,0x00000000eab00000,0x00000000f0000000)
  from space 10752K, 48% used [0x00000000f0000000,0x00000000f050e2b0,0x00000000f0a80000)
  to   space 10240K, 0% used [0x00000000f3000000,0x00000000f3000000,0x00000000f3a00000)
 ParOldGen       total 59392K, used 8274K [0x00000000c0000000, 0x00000000c3a00000, 0x00000000eab00000)
  object space 59392K, 13% used [0x00000000c0000000,0x00000000c0814b90,0x00000000c3a00000)
 Metaspace       used 23832K, capacity 24340K, committed 24576K, reserved 1071104K
  class space    used 3089K, capacity 3238K, committed 3328K, reserved 1048576K
}
Event: 8.711 GC heap before
{Heap before GC invocations=9 (full 1):
 PSYoungGen      total 97792K, used 92216K [0x00000000eab00000, 0x00000000f3a00000, 0x0000000100000000)
  eden space 87040K, 100% used [0x00000000eab00000,0x00000000f0000000,0x00000000f0000000)
  from space 10752K, 48% used [0x00000000f0000000,0x00000000f050e2b0,0x00000000f0a80000)
  to   space 10240K, 0% used [0x00000000f3000000,0x00000000f3000000,0x00000000f3a00000)
 ParOldGen       total 59392K, used 8274K [0x00000000c0000000, 0x00000000c3a00000, 0x00000000eab00000)
  object space 59392K, 13% used [0x00000000c0000000,0x00000000c0814b90,0x00000000c3a00000)
 Metaspace       used 30087K, capacity 30708K, committed 30848K, reserved 1075200K
  class space    used 3996K, capacity 4158K, committed 4224K, reserved 1048576K
Event: 8.738 GC heap after
Heap after GC invocations=9 (full 1):
 PSYoungGen      total 134144K, used 10218K [0x00000000eab00000, 0x00000000f3d00000, 0x0000000100000000)
  eden space 123904K, 0% used [0x00000000eab00000,0x00000000eab00000,0x00000000f2400000)
  from space 10240K, 99% used [0x00000000f3000000,0x00000000f39fa868,0x00000000f3a00000)
  to   space 12288K, 0% used [0x00000000f2400000,0x00000000f2400000,0x00000000f3000000)
 ParOldGen       total 59392K, used 9258K [0x00000000c0000000, 0x00000000c3a00000, 0x00000000eab00000)
  object space 59392K, 15% used [0x00000000c0000000,0x00000000c090a9a8,0x00000000c3a00000)
 Metaspace       used 30087K, capacity 30708K, committed 30848K, reserved 1075200K
  class space    used 3996K, capacity 4158K, committed 4224K, reserved 1048576K
}
Event: 10.739 GC heap before
{Heap before GC invocations=10 (full 1):
 PSYoungGen      total 134144K, used 93895K [0x00000000eab00000, 0x00000000f3d00000, 0x0000000100000000)
  eden space 123904K, 67% used [0x00000000eab00000,0x00000000efcb7410,0x00000000f2400000)
  from space 10240K, 99% used [0x00000000f3000000,0x00000000f39fa868,0x00000000f3a00000)
  to   space 12288K, 0% used [0x00000000f2400000,0x00000000f2400000,0x00000000f3000000)
 ParOldGen       total 59392K, used 9258K [0x00000000c0000000, 0x00000000c3a00000, 0x00000000eab00000)
  object space 59392K, 15% used [0x00000000c0000000,0x00000000c090a9a8,0x00000000c3a00000)
 Metaspace       used 34661K, capacity 35418K, committed 35496K, reserved 1079296K
  class space    used 4628K, capacity 4831K, committed 4864K, reserved 1048576K
Event: 10.763 GC heap after
Heap after GC invocations=10 (full 1):
 PSYoungGen      total 136192K, used 12279K [0x00000000eab00000, 0x00000000f6080000, 0x0000000100000000)
  eden space 123904K, 0% used [0x00000000eab00000,0x00000000eab00000,0x00000000f2400000)
  from space 12288K, 99% used [0x00000000f2400000,0x00000000f2ffdcc0,0x00000000f3000000)
  to   space 15360K, 0% used [0x00000000f5180000,0x00000000f5180000,0x00000000f6080000)
 ParOldGen       total 59392K, used 11356K [0x00000000c0000000, 0x00000000c3a00000, 0x00000000eab00000)
  object space 59392K, 19% used [0x00000000c0000000,0x00000000c0b171b0,0x00000000c3a00000)
 Metaspace       used 34661K, capacity 35418K, committed 35496K, reserved 1079296K
  class space    used 4628K, capacity 4831K, committed 4864K, reserved 1048576K
}
Event: 10.763 GC heap before
{Heap before GC invocations=11 (full 2):
 PSYoungGen      total 136192K, used 12279K [0x00000000eab00000, 0x00000000f6080000, 0x0000000100000000)
  eden space 123904K, 0% used [0x00000000eab00000,0x00000000eab00000,0x00000000f2400000)
  from space 12288K, 99% used [0x00000000f2400000,0x00000000f2ffdcc0,0x00000000f3000000)
  to   space 15360K, 0% used [0x00000000f5180000,0x00000000f5180000,0x00000000f6080000)
 ParOldGen       total 59392K, used 11356K [0x00000000c0000000, 0x00000000c3a00000, 0x00000000eab00000)
  object space 59392K, 19% used [0x00000000c0000000,0x00000000c0b171b0,0x00000000c3a00000)
 Metaspace       used 34661K, capacity 35418K, committed 35496K, reserved 1079296K
  class space    used 4628K, capacity 4831K, committed 4864K, reserved 1048576K
Event: 10.907 GC heap after
Heap after GC invocations=11 (full 2):
 PSYoungGen      total 136192K, used 0K [0x00000000eab00000, 0x00000000f6080000, 0x0000000100000000)
  eden space 123904K, 0% used [0x00000000eab00000,0x00000000eab00000,0x00000000f2400000)
  from space 12288K, 0% used [0x00000000f2400000,0x00000000f2400000,0x00000000f3000000)
  to   space 15360K, 0% used [0x00000000f5180000,0x00000000f5180000,0x00000000f6080000)
 ParOldGen       total 59392K, used 20461K [0x00000000c0000000, 0x00000000c3a00000, 0x00000000eab00000)
  object space 59392K, 34% used [0x00000000c0000000,0x00000000c13fb4f8,0x00000000c3a00000)
 Metaspace       used 34641K, capacity 35396K, committed 35496K, reserved 1079296K
  class space    used 4622K, capacity 4825K, committed 4864K, reserved 1048576K
}
Event: 13.211 GC heap before
{Heap before GC invocations=12 (full 2):
 PSYoungGen      total 136192K, used 123904K [0x00000000eab00000, 0x00000000f6080000, 0x0000000100000000)
  eden space 123904K, 100% used [0x00000000eab00000,0x00000000f2400000,0x00000000f2400000)
  from space 12288K, 0% used [0x00000000f2400000,0x00000000f2400000,0x00000000f3000000)
  to   space 15360K, 0% used [0x00000000f5180000,0x00000000f5180000,0x00000000f6080000)
 ParOldGen       total 59392K, used 20461K [0x00000000c0000000, 0x00000000c3a00000, 0x00000000eab00000)
  object space 59392K, 34% used [0x00000000c0000000,0x00000000c13fb4f8,0x00000000c3a00000)
 Metaspace       used 39504K, capacity 40416K, committed 40704K, reserved 1085440K
  class space    used 5370K, capacity 5581K, committed 5632K, reserved 1048576K
Event: 13.238 GC heap after
Heap after GC invocations=12 (full 2):
 PSYoungGen      total 167936K, used 15343K [0x00000000eab00000, 0x00000000f6380000, 0x0000000100000000)
  eden space 152576K, 0% used [0x00000000eab00000,0x00000000eab00000,0x00000000f4000000)
  from space 15360K, 99% used [0x00000000f5180000,0x00000000f607be90,0x00000000f6080000)
  to   space 17920K, 0% used [0x00000000f4000000,0x00000000f4000000,0x00000000f5180000)
 ParOldGen       total 59392K, used 21248K [0x00000000c0000000, 0x00000000c3a00000, 0x00000000eab00000)
  object space 59392K, 35% used [0x00000000c0000000,0x00000000c14c0008,0x00000000c3a00000)
 Metaspace       used 39504K, capacity 40416K, committed 40704K, reserved 1085440K
  class space    used 5370K, capacity 5581K, committed 5632K, reserved 1048576K
}

Deoptimization events (10 events):
Event: 11.588 Thread 0x0000000017ed8800 Uncommon trap: reason=class_check action=maybe_recompile pc=0x000000000357f024 method=java.util.regex.Matcher.search(I)Z @ 86
Event: 11.588 Thread 0x0000000017ed8800 Uncommon trap: reason=class_check action=maybe_recompile pc=0x000000000357f024 method=java.util.regex.Matcher.search(I)Z @ 86
Event: 11.813 Thread 0x0000000017ed8800 Uncommon trap: reason=unstable_if action=reinterpret pc=0x00000000037461f0 method=com.sun.org.apache.xerces.internal.utils.XMLLimitAnalyzer.addValue(ILjava/lang/String;I)V @ 68
Event: 11.813 Thread 0x0000000017ed8800 Uncommon trap: reason=unstable_if action=reinterpret pc=0x0000000003721750 method=com.sun.org.apache.xerces.internal.utils.XMLSecurityManager.isOverLimit(ILcom/sun/org/apache/xerces/internal/utils/XMLLimitAnalyzer;)Z @ 38
Event: 12.211 Thread 0x0000000017ed8800 Uncommon trap: reason=unstable_if action=reinterpret pc=0x0000000003851c50 method=java.io.WinNTFileSystem.normalizePrefix(Ljava/lang/String;ILjava/lang/StringBuffer;)I @ 62
Event: 12.303 Thread 0x0000000017ed8800 Uncommon trap: reason=unstable_if action=reinterpret pc=0x00000000039900a4 method=groovy.lang.MetaClassImpl$1MOPIter.methodNameAction(Ljava/lang/Class;Lorg/codehaus/groovy/runtime/metaclass/MetaMethodIndex$Entry;)V @ 425
Event: 12.384 Thread 0x0000000017ed8800 Uncommon trap: reason=unstable_if action=reinterpret pc=0x00000000038632c0 method=java.io.WinNTFileSystem.normalizePrefix(Ljava/lang/String;ILjava/lang/StringBuffer;)I @ 62
Event: 13.043 Thread 0x0000000017ed8800 Uncommon trap: reason=unstable_if action=reinterpret pc=0x0000000003b1b650 method=org.objectweb.asm.Type.getArgumentsAndReturnSizes(Ljava/lang/String;)I @ 47
Event: 13.509 Thread 0x0000000017ed8800 Uncommon trap: reason=predicate action=maybe_recompile pc=0x0000000002f84a24 method=org.gradle.logging.internal.AbstractLineChoppingStyledTextOutput.doAppend(Ljava/lang/String;)V @ 10
Event: 13.522 Thread 0x0000000017ed8800 Uncommon trap: reason=unstable_if action=reinterpret pc=0x000000000337b730 method=java.util.HashMap$HashIterator.<init>(Ljava/util/HashMap;)V @ 45

Internal exceptions (10 events):
Event: 13.368 Thread 0x0000000017ed8800 Exception <a 'java/lang/ClassNotFoundException': com/android/build/gradle/internal/variant/TestVariantDataBeanInfo> (0x00000000eaee8268) thrown at [C:\re\workspace\8-2-build-windows-amd64-cygwin\jdk8u66\5298\hotspot\src\share\vm\classfile\systemDictionary.PÍ¶¶≈º*@
Event: 13.369 Thread 0x0000000017ed8800 Exception <a 'java/lang/ClassNotFoundException': com/android/build/gradle/internal/variant/TestVariantDataCustomizer> (0x00000000eaefa2f0) thrown at [C:\re\workspace\8-2-build-windows-amd64-cygwin\jdk8u66\5298\hotspot\src\share\vm\classfile\systemDictionar‚ÑaÅ‚*@
Event: 13.442 Thread 0x0000000017ed8800 Exception <a 'java/lang/ClassNotFoundException': com/android/build/gradle/internal/tasks/DeviceProviderInstrumentTestTask_DecoratedBeanInfo> (0x00000000eb1388d8) thrown at [C:\re\workspace\8-2-build-windows-amd64-cygwin\jdk8u66\5298\hotspot\src\share\vm\clÀWYº‚*@
Event: 13.443 Thread 0x0000000017ed8800 Exception <a 'java/lang/ClassNotFoundException': com/android/build/gradle/internal/tasks/DeviceProviderInstrumentTestTaskBeanInfo> (0x00000000eb14c980) thrown at [C:\re\workspace\8-2-build-windows-amd64-cygwin\jdk8u66\5298\hotspot\src\share\vm\classfile\syh‚ı‚*@
Event: 13.443 Thread 0x0000000017ed8800 Exception <a 'java/lang/ClassNotFoundException': com/android/build/gradle/internal/tasks/DeviceProviderInstrumentTestTaskCustomizer> (0x00000000eb160a80) thrown at [C:\re\workspace\8-2-build-windows-amd64-cygwin\jdk8u66\5298\hotspot\src\share\vm\classfile\{Ía…ú„*@
Event: 13.445 Thread 0x0000000017ed8800 Exception <a 'java/lang/ClassNotFoundException': com/android/build/gradle/internal/tasks/DeviceProviderInstrumentTestTask_DecoratedCustomizer> (0x00000000eb1a6b10) thrown at [C:\re\workspace\8-2-build-windows-amd64-cygwin\jdk8u66\5298\hotspot\src\share\vm\!.∏r+@
Event: 13.539 Thread 0x0000000017ed8800 Exception <a 'java/lang/ClassNotFoundException': java/util/HashMapBeanInfo> (0x00000000eb521258) thrown at [C:\re\workspace\8-2-build-windows-amd64-cygwin\jdk8u66\5298\hotspot\src\share\vm\classfile\systemDictionary.cpp, line 210]
Event: 13.539 Thread 0x0000000017ed8800 Exception <a 'java/lang/ClassNotFoundException': java/util/AbstractMapBeanInfo> (0x00000000eb526cd0) thrown at [C:\re\workspace\8-2-build-windows-amd64-cygwin\jdk8u66\5298\hotspot\src\share\vm\classfile\systemDictionary.cpp, line 210]
Event: 13.540 Thread 0x0000000017ed8800 Exception <a 'java/lang/ClassNotFoundException': java/util/AbstractMapCustomizer> (0x00000000eb52c6e0) thrown at [C:\re\workspace\8-2-build-windows-amd64-cygwin\jdk8u66\5298\hotspot\src\share\vm\classfile\systemDictionary.cpp, line 210]
Event: 13.540 Thread 0x0000000017ed8800 Exception <a 'java/lang/ClassNotFoundException': java/util/HashMapCustomizer> (0x00000000eb53e8d8) thrown at [C:\re\workspace\8-2-build-windows-amd64-cygwin\jdk8u66\5298\hotspot\src\share\vm\classfile\systemDictionary.cpp, line 210]

Events (10 events):
Event: 13.564 loading class com/google/common/collect/Hashing
Event: 13.564 loading class com/google/common/collect/Hashing done
Event: 13.566 loading class com/google/common/collect/HashBiMap$BiEntry
Event: 13.566 loading class com/google/common/collect/HashBiMap$BiEntry done
Event: 13.567 loading class com/google/common/collect/ImmutableEntry
Event: 13.567 loading class com/google/common/collect/ImmutableEntry done
Event: 13.568 loading class com/google/common/collect/AbstractMapEntry
Event: 13.568 loading class com/google/common/collect/AbstractMapEntry done
Event: 13.570 loading class org/gradle/tooling/model/eclipse/HierarchicalEclipseProject
Event: 13.570 loading class org/gradle/tooling/model/eclipse/HierarchicalEclipseProject done


Dynamic libraries:
0x00007ff7902b0000 - 0x00007ff7902e7000 	C:\Program Files\Java\jdk1.8.0_66\bin\java.exe
0x00007ffc9a020000 - 0x00007ffc9a1f1000 	C:\WINDOWS\SYSTEM32\ntdll.dll
0x00007ffc99d40000 - 0x00007ffc99deb000 	C:\WINDOWS\System32\KERNEL32.DLL
0x00007ffc74d50000 - 0x00007ffc74d83000 	C:\Program Files (x86)\AVG\Av\avghooka.dll
0x00007ffc96790000 - 0x00007ffc969ad000 	C:\WINDOWS\System32\KERNELBASE.dll
0x00007ffc98550000 - 0x00007ffc985f2000 	C:\WINDOWS\System32\ADVAPI32.dll
0x00007ffc99ca0000 - 0x00007ffc99d3e000 	C:\WINDOWS\System32\msvcrt.dll
0x00007ffc99df0000 - 0x00007ffc99e49000 	C:\WINDOWS\System32\sechost.dll
0x00007ffc97850000 - 0x00007ffc97971000 	C:\WINDOWS\System32\RPCRT4.dll
0x00007ffc97fb0000 - 0x00007ffc98115000 	C:\WINDOWS\System32\USER32.dll
0x00007ffc965b0000 - 0x00007ffc965ce000 	C:\WINDOWS\System32\win32u.dll
0x00007ffc98600000 - 0x00007ffc98634000 	C:\WINDOWS\System32\GDI32.dll
0x00007ffc97420000 - 0x00007ffc975a2000 	C:\WINDOWS\System32\gdi32full.dll
0x00007ffc86030000 - 0x00007ffc862a9000 	C:\WINDOWS\WinSxS\amd64_microsoft.windows.common-controls_6595b64144ccf1df_6.0.14393.447_none_42191651c6827bb3\COMCTL32.dll
0x00007ffc97a10000 - 0x00007ffc97cd7000 	C:\WINDOWS\System32\combase.dll
0x00007ffc96620000 - 0x00007ffc96715000 	C:\WINDOWS\System32\ucrtbase.dll
0x00007ffc96720000 - 0x00007ffc9678a000 	C:\WINDOWS\System32\bcryptPrimitives.dll
0x00007ffc97f80000 - 0x00007ffc97fae000 	C:\WINDOWS\System32\IMM32.DLL
0x00000000598f0000 - 0x00000000599c2000 	C:\Program Files\Java\jdk1.8.0_66\jre\bin\msvcr100.dll
0x000000005a400000 - 0x000000005ac89000 	C:\Program Files\Java\jdk1.8.0_66\jre\bin\server\jvm.dll
0x00007ffc99e50000 - 0x00007ffc99e58000 	C:\WINDOWS\System32\PSAPI.DLL
0x00007ffc840e0000 - 0x00007ffc840e9000 	C:\WINDOWS\SYSTEM32\WSOCK32.dll
0x00007ffc99b70000 - 0x00007ffc99bda000 	C:\WINDOWS\System32\WS2_32.dll
0x00007ffc946d0000 - 0x00007ffc946f3000 	C:\WINDOWS\SYSTEM32\WINMM.dll
0x00007ffc91310000 - 0x00007ffc9131a000 	C:\WINDOWS\SYSTEM32\VERSION.dll
0x00007ffc946a0000 - 0x00007ffc946cb000 	C:\WINDOWS\SYSTEM32\WINMMBASE.dll
0x00007ffc965d0000 - 0x00007ffc96612000 	C:\WINDOWS\System32\cfgmgr32.dll
0x000000005b900000 - 0x000000005b90f000 	C:\Program Files\Java\jdk1.8.0_66\jre\bin\verify.dll
0x000000005b8d0000 - 0x000000005b8f9000 	C:\Program Files\Java\jdk1.8.0_66\jre\bin\java.dll
0x000000005b8b0000 - 0x000000005b8c6000 	C:\Program Files\Java\jdk1.8.0_66\jre\bin\zip.dll
0x00007ffc98660000 - 0x00007ffc99b69000 	C:\WINDOWS\System32\SHELL32.dll
0x00007ffc96b10000 - 0x00007ffc971ea000 	C:\WINDOWS\System32\windows.storage.dll
0x00007ffc96490000 - 0x00007ffc964dc000 	C:\WINDOWS\System32\powrprof.dll
0x00007ffc99be0000 - 0x00007ffc99c32000 	C:\WINDOWS\System32\shlwapi.dll
0x00007ffc96480000 - 0x00007ffc9648f000 	C:\WINDOWS\System32\kernel.appcore.dll
0x00007ffc969b0000 - 0x00007ffc96a59000 	C:\WINDOWS\System32\shcore.dll
0x00007ffc964e0000 - 0x00007ffc964f4000 	C:\WINDOWS\System32\profapi.dll
0x000000005b890000 - 0x000000005b8aa000 	C:\Program Files\Java\jdk1.8.0_66\jre\bin\net.dll
0x00007ffc95c80000 - 0x00007ffc95cdc000 	C:\WINDOWS\system32\mswsock.dll
0x000000005b870000 - 0x000000005b881000 	C:\Program Files\Java\jdk1.8.0_66\jre\bin\nio.dll
0x00007ffc8e110000 - 0x00007ffc8e122000 	C:\Users\Fabian\.gradle\native\19\windows-amd64\native-platform.dll
0x00007ffc95a10000 - 0x00007ffc95a48000 	C:\WINDOWS\SYSTEM32\IPHLPAPI.DLL
0x00007ffc97a00000 - 0x00007ffc97a08000 	C:\WINDOWS\System32\NSI.dll
0x00007ffc8f970000 - 0x00007ffc8f986000 	C:\WINDOWS\SYSTEM32\dhcpcsvc6.DLL
0x00007ffc8fa30000 - 0x00007ffc8fa4a000 	C:\WINDOWS\SYSTEM32\dhcpcsvc.DLL
0x00007ffc95ef0000 - 0x00007ffc95f07000 	C:\WINDOWS\SYSTEM32\CRYPTSP.dll
0x00007ffc95e00000 - 0x00007ffc95e33000 	C:\WINDOWS\system32\rsaenh.dll
0x00007ffc963c0000 - 0x00007ffc963eb000 	C:\WINDOWS\SYSTEM32\bcrypt.dll
0x00007ffc95b00000 - 0x00007ffc95b1f000 	C:\WINDOWS\SYSTEM32\USERENV.dll
0x00007ffc963b0000 - 0x00007ffc963bb000 	C:\WINDOWS\SYSTEM32\CRYPTBASE.dll
0x000000005b810000 - 0x000000005b81d000 	C:\Program Files\Java\jdk1.8.0_66\jre\bin\management.dll

VM Arguments:
jvm_args: -XX:MaxPermSize=256m -XX:+HeapDumpOnOutOfMemoryError -Xmx1024m -Dfile.encoding=windows-1252 -Duser.country=419 -Duser.language=es -Duser.variant 
java_command: org.gradle.launcher.daemon.bootstrap.GradleDaemon 2.8
java_class_path (initial): C:\Program Files\Android\Android Studio2\gradle\gradle-2.8\lib\gradle-launcher-2.8.jar
Launcher Type: SUN_STANDARD

Environment Variables:
PATH=C:\Program Files\Microsoft MPI\Bin\;C:\MinGW\bin;C:\MinGW\libexec\gcc\x86_64-pc-mingw32\4.9.1;C:\ProgramData\Oracle\Java\javapath;C:\Program Files (x86)\NVIDIA Corporation\PhysX\Common;C:\Program Files (x86)\HP SimplePass\;C:\Program Files (x86)\AMD APP\bin\x86_64;C:\Program Files (x86)\AMD APP\bin\x86;C:\WINDOWS\system32;C:\WINDOWS;C:\WINDOWS\System32\Wbem;C:\WINDOWS\System32\WindowsPowerShell\v1.0\;C:\Program Files (x86)\Windows Live\Shared;C:\Program Files (x86)\ATI Technologies\ATI.ACE\Core-Static;C:\Program Files (x86)\Brackets\command;C:\Program Files (x86)\QuickTime\QTSystem\;C:\WINDOWS\system32\config\systemprofile\.dnx\bin;C:\Program Files\Microsoft DNX\Dnvm\;C:\Program Files (x86)\Windows Kits\8.1\Windows Performance Toolkit\;C:\Program Files\Microsoft SQL Server\130\Tools\Binn\;C:\Program Files (x86)\Microsoft SQL Server\130\Tools\Binn\;C:\Program Files (x86)\Microsoft SQL Server\130\DTS\Binn\;C:\Program Files\Microsoft SQL Server\130\DTS\Binn\;C:\Program Files\Microsoft SQL Server\Client SDK\ODBC\130\Tools\Binn\;C:\Program Files (x86)\Microsoft SQL Server\Client SDK\ODBC\130\Tools\Binn\;C:\Program Files (x86)\Microsoft SQL Server\130\Tools\Binn\ManagementStudio\;C:\Program Files\PostgreSQL\pg96\bin;C:\Program Files\Git\cmd;C:\Users\Fabian\AppData\Local\Microsoft\WindowsApps;
USERNAME=Fabian
OS=Windows_NT
PROCESSOR_IDENTIFIER=AMD64 Family 21 Model 19 Stepping 1, AuthenticAMD



---------------  S Y S T E M  ---------------

OS: Windows 10.0 , 64 bit Build 14393 (10.0.14393.0)

CPU:total 4 (4 cores per cpu, 1 threads per core) family 21 model 19 stepping 1, cmov, cx8, fxsr, mmx, sse, sse2, sse3, ssse3, sse4.1, sse4.2, popcnt, avx, aes, clmul, mmxext, 3dnowpref, lzcnt, sse4a, tsc, tscinvbit, tscinv, bmi1

Memory: 4k page, physical 7563528k(3439968k free), swap 8177928k(6580k free)

vm_info: Java HotSpot(TM) 64-Bit Server VM (25.66-b18) for windows-amd64 JRE (1.8.0_66-b18), built on Nov  9 2015 10:51:13 by "java_re" with MS VC++ 10.0 (VS2010)

time: Tue Nov 15 10:37:14 2016
elapsed time: 13 seconds (0d 0h 0m 13s)

