#
# There is insufficient memory for the Java Runtime Environment to continue.
# Native memory allocation (malloc) failed to allocate 1389296 bytes for Chunk::new
# Possible reasons:
#   The system is out of physical RAM or swap space
#   In 32 bit mode, the process size limit was hit
# Possible solutions:
#   Reduce memory load on the system
#   Increase physical memory or swap space
#   Check if swap backing store is full
#   Use 64 bit Java on a 64 bit OS
#   Decrease Java heap size (-Xmx/-Xms)
#   Decrease number of Java threads
#   Decrease Java thread stack sizes (-Xss)
#   Set larger code cache with -XX:ReservedCodeCacheSize=
# This output file may be truncated or incomplete.
#
#  Out of Memory Error (allocation.cpp:390), pid=8924, tid=13320
#
# JRE version: Java(TM) SE Runtime Environment (8.0_66-b18) (build 1.8.0_66-b18)
# Java VM: Java HotSpot(TM) 64-Bit Server VM (25.66-b18 mixed mode windows-amd64 compressed oops)
# Failed to write core dump. Minidumps are not enabled by default on client versions of Windows
#

---------------  T H R E A D  ---------------

Current thread (0x0000000014fab000):  JavaThread "C2 CompilerThread1" daemon [_thread_in_native, id=13320, stack(0x00000000166c0000,0x00000000167c0000)]

Stack: [0x00000000166c0000,0x00000000167c0000]
[error occurred during error reporting (printing stack bounds), id 0xc0000005]

Native frames: (J=compiled Java code, j=interpreted, Vv=VM code, C=native code)


Current CompileTask:
C2:  17890 2495       4       groovy.lang.MetaClassImpl$1MOPIter::methodNameAction (479 bytes)


---------------  P R O C E S S  ---------------

Java Threads: ( => current thread )
  0x0000000018079000 JavaThread "File lock request listener" [_thread_in_native, id=11668, stack(0x000000001a9e0000,0x000000001aae0000)]
  0x0000000017c6f800 JavaThread "Stdin handler" [_thread_blocked, id=16824, stack(0x0000000019310000,0x0000000019410000)]
  0x0000000017157000 JavaThread "Daemon worker" [_thread_in_Java, id=14144, stack(0x0000000019210000,0x0000000019310000)]
  0x0000000017c77800 JavaThread "Cancel handler" [_thread_blocked, id=9756, stack(0x0000000019110000,0x0000000019210000)]
  0x0000000017c4c000 JavaThread "Handler for socket connection from /127.0.0.1:58155 to /127.0.0.1:58156" [_thread_in_native, id=10772, stack(0x0000000019010000,0x0000000019110000)]
  0x0000000017c49000 JavaThread "Daemon" [_thread_blocked, id=11292, stack(0x0000000018f10000,0x0000000019010000)]
  0x0000000017308000 JavaThread "Incoming local TCP Connector on port 58155" [_thread_in_native, id=11416, stack(0x0000000018ac0000,0x0000000018bc0000)]
  0x00000000167c7000 JavaThread "Service Thread" daemon [_thread_blocked, id=1456, stack(0x0000000016cc0000,0x0000000016dc0000)]
  0x0000000014fae000 JavaThread "C1 CompilerThread2" daemon [_thread_blocked, id=4384, stack(0x0000000016bc0000,0x0000000016cc0000)]
=>0x0000000014fab000 JavaThread "C2 CompilerThread1" daemon [_thread_in_native, id=13320, stack(0x00000000166c0000,0x00000000167c0000)]
  0x0000000014f4e800 JavaThread "C2 CompilerThread0" daemon [_thread_in_native, id=13040, stack(0x00000000165c0000,0x00000000166c0000)]
  0x0000000014f4c800 JavaThread "Attach Listener" daemon [_thread_blocked, id=1460, stack(0x00000000164c0000,0x00000000165c0000)]
  0x0000000014f4b800 JavaThread "Signal Dispatcher" daemon [_thread_blocked, id=8832, stack(0x00000000163c0000,0x00000000164c0000)]
  0x0000000002877800 JavaThread "Finalizer" daemon [_thread_blocked, id=13000, stack(0x00000000161b0000,0x00000000162b0000)]
  0x000000000286f800 JavaThread "Reference Handler" daemon [_thread_blocked, id=8988, stack(0x00000000160b0000,0x00000000161b0000)]
  0x0000000002782800 JavaThread "main" [_thread_blocked, id=15024, stack(0x0000000002670000,0x0000000002770000)]

Other Threads:
  0x0000000014f17800 VMThread [stack: 0x0000000015fb0000,0x00000000160b0000] [id=17080]
  0x00000000167dc800 WatcherThread [stack: 0x0000000016dc0000,0x0000000016ec0000] [id=13244]

VM state:not at safepoint (normal execution)

VM Mutex/Monitor currently owned by a thread:  ([mutex/lock_event])
[0x000000000266d010] CodeCache_lock - owner thread: 0x0000000000000000

Heap:
 PSYoungGen      total 86016K, used 62570K [0x00000000eab00000, 0x00000000f2780000, 0x0000000100000000)
  eden space 75264K, 72% used [0x00000000eab00000,0x00000000ee066498,0x00000000ef480000)
  from space 10752K, 73% used [0x00000000ef480000,0x00000000efc34630,0x00000000eff00000)
  to   space 11264K, 0% used [0x00000000f1c80000,0x00000000f1c80000,0x00000000f2780000)
 ParOldGen       total 56832K, used 8876K [0x00000000c0000000, 0x00000000c3780000, 0x00000000eab00000)
  object space 56832K, 15% used [0x00000000c0000000,0x00000000c08ab1c8,0x00000000c3780000)
 Metaspace       used 29936K, capacity 30530K, committed 30848K, reserved 1075200K
  class space    used 3999K, capacity 4159K, committed 4224K, reserved 1048576K

Card table byte_map: [0x0000000011c40000,0x0000000011e50000] byte_map_base: 0x0000000011640000

Marking Bits: (ParMarkBitMap*) 0x000000005b10a5b0
 Begin Bits: [0x00000000123b0000, 0x00000000133b0000)
 End Bits:   [0x00000000133b0000, 0x00000000143b0000)

Polling page: 0x0000000000fe0000

CodeCache: size=245760Kb used=10474Kb max_used=10474Kb free=235285Kb
 bounds [0x0000000002880000, 0x00000000032d0000, 0x0000000011880000]
 total_blobs=3434 nmethods=2795 adapters=551
 compilation: enabled

Compilation events (10 events):
Event: 17.873 Thread 0x0000000014fae000 2935       2       com.sun.org.apache.xerces.internal.impl.dtd.XMLDTDValidator::getFeatureDefault (36 bytes)
Event: 17.873 Thread 0x0000000014fae000 nmethod 2935 0x00000000032bcd90 code [0x00000000032bcf00, 0x00000000032bd168]
Event: 17.873 Thread 0x0000000014fae000 2936       2       com.sun.org.apache.xerces.internal.impl.XMLDocumentScannerImpl::setProperty (84 bytes)
Event: 17.874 Thread 0x0000000014fae000 nmethod 2936 0x00000000032bd310 code [0x00000000032bd4c0, 0x00000000032bd8d8]
Event: 17.874 Thread 0x0000000014fae000 2937       2       com.sun.org.apache.xerces.internal.impl.XMLDocumentFragmentScannerImpl::setProperty (154 bytes)
Event: 17.875 Thread 0x0000000014fae000 nmethod 2937 0x00000000032bdc50 code [0x00000000032bde60, 0x00000000032be478]
Event: 17.875 Thread 0x0000000014fae000 2938       2       com.sun.org.apache.xerces.internal.impl.dtd.XMLDTDValidator::setProperty (1 bytes)
Event: 17.875 Thread 0x0000000014fae000 nmethod 2938 0x00000000032bea90 code [0x00000000032bebe0, 0x00000000032bed30]
Event: 17.879 Thread 0x0000000014fae000 2940  s    2       java.util.Vector::isEmpty (13 bytes)
Event: 17.879 Thread 0x0000000014fae000 nmethod 2940 0x00000000032bed90 code [0x00000000032beee0, 0x00000000032bf1b0]

GC Heap History (10 events):
Event: 12.269 GC heap before
{Heap before GC invocations=6 (full 1):
 PSYoungGen      total 34816K, used 30208K [0x00000000eab00000, 0x00000000eef00000, 0x0000000100000000)
  eden space 30208K, 100% used [0x00000000eab00000,0x00000000ec880000,0x00000000ec880000)
  from space 4608K, 0% used [0x00000000ecd00000,0x00000000ecd00000,0x00000000ed180000)
  to   space 4608K, 0% used [0x00000000ec880000,0x00000000ec880000,0x00000000ecd00000)
 ParOldGen       total 56832K, used 8332K [0x00000000c0000000, 0x00000000c3780000, 0x00000000eab00000)
  object space 56832K, 14% used [0x00000000c0000000,0x00000000c0823188,0x00000000c3780000)
 Metaspace       used 21076K, capacity 21488K, committed 21632K, reserved 1069056K
  class space    used 2758K, capacity 2889K, committed 2944K, reserved 1048576K
Event: 12.275 GC heap after
Heap after GC invocations=6 (full 1):
 PSYoungGen      total 34816K, used 1120K [0x00000000eab00000, 0x00000000eef00000, 0x0000000100000000)
  eden space 30208K, 0% used [0x00000000eab00000,0x00000000eab00000,0x00000000ec880000)
  from space 4608K, 24% used [0x00000000ec880000,0x00000000ec998000,0x00000000ecd00000)
  to   space 11264K, 0% used [0x00000000ee400000,0x00000000ee400000,0x00000000eef00000)
 ParOldGen       total 56832K, used 8340K [0x00000000c0000000, 0x00000000c3780000, 0x00000000eab00000)
  object space 56832K, 14% used [0x00000000c0000000,0x00000000c0825188,0x00000000c3780000)
 Metaspace       used 21076K, capacity 21488K, committed 21632K, reserved 1069056K
  class space    used 2758K, capacity 2889K, committed 2944K, reserved 1048576K
}
Event: 12.564 GC heap before
{Heap before GC invocations=7 (full 1):
 PSYoungGen      total 34816K, used 31328K [0x00000000eab00000, 0x00000000eef00000, 0x0000000100000000)
  eden space 30208K, 100% used [0x00000000eab00000,0x00000000ec880000,0x00000000ec880000)
  from space 4608K, 24% used [0x00000000ec880000,0x00000000ec998000,0x00000000ecd00000)
  to   space 11264K, 0% used [0x00000000ee400000,0x00000000ee400000,0x00000000eef00000)
 ParOldGen       total 56832K, used 8340K [0x00000000c0000000, 0x00000000c3780000, 0x00000000eab00000)
  object space 56832K, 14% used [0x00000000c0000000,0x00000000c0825188,0x00000000c3780000)
 Metaspace       used 21122K, capacity 21552K, committed 21632K, reserved 1069056K
  class space    used 2758K, capacity 2889K, committed 2944K, reserved 1048576K
Event: 12.567 GC heap after
Heap after GC invocations=7 (full 1):
 PSYoungGen      total 57344K, used 1344K [0x00000000eab00000, 0x00000000eee80000, 0x0000000100000000)
  eden space 46592K, 0% used [0x00000000eab00000,0x00000000eab00000,0x00000000ed880000)
  from space 10752K, 12% used [0x00000000ee400000,0x00000000ee550030,0x00000000eee80000)
  to   space 11264K, 0% used [0x00000000ed880000,0x00000000ed880000,0x00000000ee380000)
 ParOldGen       total 56832K, used 8348K [0x00000000c0000000, 0x00000000c3780000, 0x00000000eab00000)
  object space 56832K, 14% used [0x00000000c0000000,0x00000000c0827188,0x00000000c3780000)
 Metaspace       used 21122K, capacity 21552K, committed 21632K, reserved 1069056K
  class space    used 2758K, capacity 2889K, committed 2944K, reserved 1048576K
}
Event: 12.948 GC heap before
{Heap before GC invocations=8 (full 1):
 PSYoungGen      total 57344K, used 47936K [0x00000000eab00000, 0x00000000eee80000, 0x0000000100000000)
  eden space 46592K, 100% used [0x00000000eab00000,0x00000000ed880000,0x00000000ed880000)
  from space 10752K, 12% used [0x00000000ee400000,0x00000000ee550030,0x00000000eee80000)
  to   space 11264K, 0% used [0x00000000ed880000,0x00000000ed880000,0x00000000ee380000)
 ParOldGen       total 56832K, used 8348K [0x00000000c0000000, 0x00000000c3780000, 0x00000000eab00000)
  object space 56832K, 14% used [0x00000000c0000000,0x00000000c0827188,0x00000000c3780000)
 Metaspace       used 21127K, capacity 21552K, committed 21632K, reserved 1069056K
  class space    used 2758K, capacity 2889K, committed 2944K, reserved 1048576K
Event: 12.961 GC heap after
Heap after GC invocations=8 (full 1):
 PSYoungGen      total 57856K, used 1760K [0x00000000eab00000, 0x00000000f0980000, 0x0000000100000000)
  eden space 46592K, 0% used [0x00000000eab00000,0x00000000eab00000,0x00000000ed880000)
  from space 11264K, 15% used [0x00000000ed880000,0x00000000eda38030,0x00000000ee380000)
  to   space 10752K, 0% used [0x00000000eff00000,0x00000000eff00000,0x00000000f0980000)
 ParOldGen       total 56832K, used 8356K [0x00000000c0000000, 0x00000000c3780000, 0x00000000eab00000)
  object space 56832K, 14% used [0x00000000c0000000,0x00000000c0829188,0x00000000c3780000)
 Metaspace       used 21127K, capacity 21552K, committed 21632K, reserved 1069056K
  class space    used 2758K, capacity 2889K, committed 2944K, reserved 1048576K
}
Event: 13.257 GC heap before
{Heap before GC invocations=9 (full 1):
 PSYoungGen      total 57856K, used 48352K [0x00000000eab00000, 0x00000000f0980000, 0x0000000100000000)
  eden space 46592K, 100% used [0x00000000eab00000,0x00000000ed880000,0x00000000ed880000)
  from space 11264K, 15% used [0x00000000ed880000,0x00000000eda38030,0x00000000ee380000)
  to   space 10752K, 0% used [0x00000000eff00000,0x00000000eff00000,0x00000000f0980000)
 ParOldGen       total 56832K, used 8356K [0x00000000c0000000, 0x00000000c3780000, 0x00000000eab00000)
  object space 56832K, 14% used [0x00000000c0000000,0x00000000c0829188,0x00000000c3780000)
 Metaspace       used 21138K, capacity 21552K, committed 21632K, reserved 1069056K
  class space    used 2759K, capacity 2889K, committed 2944K, reserved 1048576K
Event: 13.268 GC heap after
Heap after GC invocations=9 (full 1):
 PSYoungGen      total 86016K, used 2432K [0x00000000eab00000, 0x00000000f0c00000, 0x0000000100000000)
  eden space 75264K, 0% used [0x00000000eab00000,0x00000000eab00000,0x00000000ef480000)
  from space 10752K, 22% used [0x00000000eff00000,0x00000000f0160040,0x00000000f0980000)
  to   space 10752K, 0% used [0x00000000ef480000,0x00000000ef480000,0x00000000eff00000)
 ParOldGen       total 56832K, used 8356K [0x00000000c0000000, 0x00000000c3780000, 0x00000000eab00000)
  object space 56832K, 14% used [0x00000000c0000000,0x00000000c0829188,0x00000000c3780000)
 Metaspace       used 21138K, capacity 21552K, committed 21632K, reserved 1069056K
  class space    used 2759K, capacity 2889K, committed 2944K, reserved 1048576K
}
Event: 16.070 GC heap before
{Heap before GC invocations=10 (full 1):
 PSYoungGen      total 86016K, used 77696K [0x00000000eab00000, 0x00000000f0c00000, 0x0000000100000000)
  eden space 75264K, 100% used [0x00000000eab00000,0x00000000ef480000,0x00000000ef480000)
  from space 10752K, 22% used [0x00000000eff00000,0x00000000f0160040,0x00000000f0980000)
  to   space 10752K, 0% used [0x00000000ef480000,0x00000000ef480000,0x00000000eff00000)
 ParOldGen       total 56832K, used 8356K [0x00000000c0000000, 0x00000000c3780000, 0x00000000eab00000)
  object space 56832K, 14% used [0x00000000c0000000,0x00000000c0829188,0x00000000c3780000)
 Metaspace       used 25237K, capacity 25822K, committed 26112K, reserved 1071104K
  class space    used 3337K, capacity 3470K, committed 3584K, reserved 1048576K
Event: 16.114 GC heap after
Heap after GC invocations=10 (full 1):
 PSYoungGen      total 86016K, used 7889K [0x00000000eab00000, 0x00000000f2780000, 0x0000000100000000)
  eden space 75264K, 0% used [0x00000000eab00000,0x00000000eab00000,0x00000000ef480000)
  from space 10752K, 73% used [0x00000000ef480000,0x00000000efc34630,0x00000000eff00000)
  to   space 11264K, 0% used [0x00000000f1c80000,0x00000000f1c80000,0x00000000f2780000)
 ParOldGen       total 56832K, used 8876K [0x00000000c0000000, 0x00000000c3780000, 0x00000000eab00000)
  object space 56832K, 15% used [0x00000000c0000000,0x00000000c08ab1c8,0x00000000c3780000)
 Metaspace       used 25237K, capacity 25822K, committed 26112K, reserved 1071104K
  class space    used 3337K, capacity 3470K, committed 3584K, reserved 1048576K
}

Deoptimization events (10 events):
Event: 14.335 Thread 0x0000000017157000 Uncommon trap: reason=unstable_if action=reinterpret pc=0x0000000002cb51dc method=java.lang.ref.ReferenceQueue.poll()Ljava/lang/ref/Reference; @ 4
Event: 14.898 Thread 0x0000000017157000 Uncommon trap: reason=unstable_if action=reinterpret pc=0x0000000002d3fe3c method=java.util.HashMap.hash(Ljava/lang/Object;)I @ 1
Event: 14.921 Thread 0x0000000017157000 Uncommon trap: reason=unstable_if action=reinterpret pc=0x0000000002c9a168 method=java.util.HashMap.hash(Ljava/lang/Object;)I @ 1
Event: 15.231 Thread 0x0000000017157000 Uncommon trap: reason=unstable_if action=reinterpret pc=0x0000000002f9262c method=java.net.URLClassLoader.isSealed(Ljava/lang/String;Ljava/util/jar/Manifest;)Z @ 26
Event: 15.752 Thread 0x0000000017157000 Uncommon trap: reason=unstable_if action=reinterpret pc=0x0000000002ab287c method=java.io.WinNTFileSystem.resolve(Ljava/lang/String;Ljava/lang/String;)Ljava/lang/String; @ 49
Event: 16.982 Thread 0x0000000017157000 Uncommon trap: reason=unstable_if action=reinterpret pc=0x00000000029d7560 method=java.net.URI.match(CJJ)Z @ 45
Event: 17.139 Thread 0x0000000017157000 Uncommon trap: reason=unstable_if action=reinterpret pc=0x0000000002d02814 method=java.lang.AbstractStringBuilder.append(Ljava/lang/String;)Ljava/lang/AbstractStringBuilder; @ 1
Event: 17.610 Thread 0x0000000017157000 Uncommon trap: reason=unstable_if action=reinterpret pc=0x0000000003259b30 method=com.sun.org.apache.xerces.internal.impl.XMLEntityScanner.peekChar()I @ 14
Event: 17.788 Thread 0x0000000017157000 Uncommon trap: reason=unstable_if action=reinterpret pc=0x000000000326926c method=com.sun.org.apache.xerces.internal.impl.XMLEntityScanner.arrangeCapacity(IZ)Z @ 59
Event: 17.837 Thread 0x0000000017157000 Uncommon trap: reason=unstable_if action=reinterpret pc=0x0000000003276334 method=com.sun.org.apache.xerces.internal.impl.XMLEntityScanner.arrangeCapacity(IZ)Z @ 59

Internal exceptions (10 events):
Event: 16.370 Thread 0x0000000017157000 Exception <a 'java/lang/ClassNotFoundException': build_3afg5zx52b2zil7ncukvyum3hCustomizer> (0x00000000eb366970) thrown at [C:\re\workspace\8-2-build-windows-amd64-cygwin\jdk8u66\5298\hotspot\src\share\vm\classfile\systemDictionary.cpp, line 210]
Event: 16.675 Thread 0x0000000017157000 Exception <a 'java/lang/ClassNotFoundException': org/gradle/api/internal/artifacts/dsl/dependencies/DefaultDependencyHandler_DecoratedBeanInfo> (0x00000000ebcaeea0) thrown at [C:\re\workspace\8-2-build-windows-amd64-cygwin\jdk8u66\5298\hotspot\src\share\vm„-Q'Â¨0@
Event: 16.675 Thread 0x0000000017157000 Exception <a 'java/lang/ClassNotFoundException': org/gradle/api/internal/artifacts/dsl/dependencies/DefaultDependencyHandlerBeanInfo> (0x00000000ebcd7e80) thrown at [C:\re\workspace\8-2-build-windows-amd64-cygwin\jdk8u66\5298\hotspot\src\share\vm\classfile≥À†≠0@
Event: 16.676 Thread 0x0000000017157000 Exception <a 'java/lang/ClassNotFoundException': org/gradle/api/internal/artifacts/dsl/dependencies/DefaultDependencyHandlerCustomizer> (0x00000000ebd01568) thrown at [C:\re\workspace\8-2-build-windows-amd64-cygwin\jdk8u66\5298\hotspot\src\share\vm\classfi˝ŸC≤ç≠0@
Event: 16.678 Thread 0x0000000017157000 Exception <a 'java/lang/ClassNotFoundException': org/gradle/api/internal/artifacts/dsl/dependencies/DefaultDependencyHandler_DecoratedCustomizer> (0x00000000ebd3e570) thrown at [C:\re\workspace\8-2-build-windows-amd64-cygwin\jdk8u66\5298\hotspot\src\share\
Event: 16.688 Thread 0x0000000017157000 Exception <a 'java/lang/ClassNotFoundException': org/gradle/api/artifacts/dsl/DependencyHandlerBeanInfo> (0x00000000ebd9a320) thrown at [C:\re\workspace\8-2-build-windows-amd64-cygwin\jdk8u66\5298\hotspot\src\share\vm\classfile\systemDictionary.cpp, line 2™.—Éq∞0@
Event: 16.689 Thread 0x0000000017157000 Exception <a 'java/lang/ClassNotFoundException': org/gradle/api/artifacts/dsl/DependencyHandlerCustomizer> (0x00000000ebdb99b8) thrown at [C:\re\workspace\8-2-build-windows-amd64-cygwin\jdk8u66\5298\hotspot\src\share\vm\classfile\systemDictionary.cpp, lineΩI}™=≤0@
Event: 16.696 Thread 0x0000000017157000 Exception <a 'java/lang/ClassNotFoundException': org/gradle/api/internal/IConventionAwareBeanInfo> (0x00000000ebdf0408) thrown at [C:\re\workspace\8-2-build-windows-amd64-cygwin\jdk8u66\5298\hotspot\src\share\vm\classfile\systemDictionary.cpp, line 210]
Event: 16.700 Thread 0x0000000017157000 Exception <a 'java/lang/ClassNotFoundException': org/gradle/api/internal/IConventionAwareCustomizer> (0x00000000ebe0cfe0) thrown at [C:\re\workspace\8-2-build-windows-amd64-cygwin\jdk8u66\5298\hotspot\src\share\vm\classfile\systemDictionary.cpp, line 210]
Event: 17.138 Thread 0x0000000017157000 Implicit null exception at 0x0000000002d02362 to 0x0000000002d02805

Events (10 events):
Event: 17.837 Thread 0x0000000017157000 DEOPT PACKING pc=0x000000000322a3fd sp=0x0000000019309670
Event: 17.837 Thread 0x0000000017157000 DEOPT UNPACKING pc=0x00000000028c747f sp=0x0000000019309418 mode 0
Event: 17.842 Thread 0x0000000017157000 DEOPT PACKING pc=0x000000000322a3fd sp=0x000000001930a680
Event: 17.842 Thread 0x0000000017157000 DEOPT UNPACKING pc=0x00000000028c747f sp=0x000000001930a428 mode 0
Event: 17.851 Thread 0x0000000017157000 DEOPT PACKING pc=0x000000000322a3fd sp=0x000000001930a400
Event: 17.851 Thread 0x0000000017157000 DEOPT UNPACKING pc=0x00000000028c747f sp=0x000000001930a1a8 mode 0
Event: 17.873 Thread 0x0000000017157000 DEOPT PACKING pc=0x000000000322a3fd sp=0x000000001930b3f0
Event: 17.873 Thread 0x0000000017157000 DEOPT UNPACKING pc=0x00000000028c747f sp=0x000000001930b198 mode 0
Event: 17.876 Thread 0x0000000017157000 DEOPT PACKING pc=0x000000000322a3fd sp=0x000000001930b170
Event: 17.876 Thread 0x0000000017157000 DEOPT UNPACKING pc=0x00000000028c747f sp=0x000000001930af18 mode 0


Dynamic libraries:
0x00007ff76f270000 - 0x00007ff76f2a7000 	C:\Program Files\Java\jdk1.8.0_66\bin\java.exe
0x00007ffc9a020000 - 0x00007ffc9a1f1000 	C:\WINDOWS\SYSTEM32\ntdll.dll
0x00007ffc99d40000 - 0x00007ffc99deb000 	C:\WINDOWS\System32\KERNEL32.DLL
0x00007ffc74d50000 - 0x00007ffc74d83000 	C:\Program Files (x86)\AVG\Av\avghooka.dll
0x00007ffc96790000 - 0x00007ffc969ad000 	C:\WINDOWS\System32\KERNELBASE.dll
0x00007ffc98550000 - 0x00007ffc985f2000 	C:\WINDOWS\System32\ADVAPI32.dll
0x00007ffc99ca0000 - 0x00007ffc99d3e000 	C:\WINDOWS\System32\msvcrt.dll
0x00007ffc99df0000 - 0x00007ffc99e49000 	C:\WINDOWS\System32\sechost.dll
0x00007ffc97850000 - 0x00007ffc97971000 	C:\WINDOWS\System32\RPCRT4.dll
0x00007ffc97fb0000 - 0x00007ffc98115000 	C:\WINDOWS\System32\USER32.dll
0x00007ffc965b0000 - 0x00007ffc965ce000 	C:\WINDOWS\System32\win32u.dll
0x00007ffc98600000 - 0x00007ffc98634000 	C:\WINDOWS\System32\GDI32.dll
0x00007ffc97420000 - 0x00007ffc975a2000 	C:\WINDOWS\System32\gdi32full.dll
0x00007ffc86030000 - 0x00007ffc862a9000 	C:\WINDOWS\WinSxS\amd64_microsoft.windows.common-controls_6595b64144ccf1df_6.0.14393.447_none_42191651c6827bb3\COMCTL32.dll
0x00007ffc97a10000 - 0x00007ffc97cd7000 	C:\WINDOWS\System32\combase.dll
0x00007ffc96620000 - 0x00007ffc96715000 	C:\WINDOWS\System32\ucrtbase.dll
0x00007ffc96720000 - 0x00007ffc9678a000 	C:\WINDOWS\System32\bcryptPrimitives.dll
0x00007ffc97f80000 - 0x00007ffc97fae000 	C:\WINDOWS\System32\IMM32.DLL
0x000000005b2e0000 - 0x000000005b3b2000 	C:\Program Files\Java\jdk1.8.0_66\jre\bin\msvcr100.dll
0x000000005a900000 - 0x000000005b189000 	C:\Program Files\Java\jdk1.8.0_66\jre\bin\server\jvm.dll
0x00007ffc99e50000 - 0x00007ffc99e58000 	C:\WINDOWS\System32\PSAPI.DLL
0x00007ffc840e0000 - 0x00007ffc840e9000 	C:\WINDOWS\SYSTEM32\WSOCK32.dll
0x00007ffc99b70000 - 0x00007ffc99bda000 	C:\WINDOWS\System32\WS2_32.dll
0x00007ffc946d0000 - 0x00007ffc946f3000 	C:\WINDOWS\SYSTEM32\WINMM.dll
0x00007ffc91310000 - 0x00007ffc9131a000 	C:\WINDOWS\SYSTEM32\VERSION.dll
0x00007ffc946a0000 - 0x00007ffc946cb000 	C:\WINDOWS\SYSTEM32\WINMMBASE.dll
0x00007ffc965d0000 - 0x00007ffc96612000 	C:\WINDOWS\System32\cfgmgr32.dll
0x000000005b900000 - 0x000000005b90f000 	C:\Program Files\Java\jdk1.8.0_66\jre\bin\verify.dll
0x000000005b8d0000 - 0x000000005b8f9000 	C:\Program Files\Java\jdk1.8.0_66\jre\bin\java.dll
0x000000005b8b0000 - 0x000000005b8c6000 	C:\Program Files\Java\jdk1.8.0_66\jre\bin\zip.dll
0x00007ffc98660000 - 0x00007ffc99b69000 	C:\WINDOWS\System32\SHELL32.dll
0x00007ffc96b10000 - 0x00007ffc971ea000 	C:\WINDOWS\System32\windows.storage.dll
0x00007ffc96490000 - 0x00007ffc964dc000 	C:\WINDOWS\System32\powrprof.dll
0x00007ffc99be0000 - 0x00007ffc99c32000 	C:\WINDOWS\System32\shlwapi.dll
0x00007ffc96480000 - 0x00007ffc9648f000 	C:\WINDOWS\System32\kernel.appcore.dll
0x00007ffc969b0000 - 0x00007ffc96a59000 	C:\WINDOWS\System32\shcore.dll
0x00007ffc964e0000 - 0x00007ffc964f4000 	C:\WINDOWS\System32\profapi.dll
0x000000005b890000 - 0x000000005b8aa000 	C:\Program Files\Java\jdk1.8.0_66\jre\bin\net.dll
0x00007ffc95c80000 - 0x00007ffc95cdc000 	C:\WINDOWS\system32\mswsock.dll
0x000000005b870000 - 0x000000005b881000 	C:\Program Files\Java\jdk1.8.0_66\jre\bin\nio.dll
0x00007ffc92b40000 - 0x00007ffc92b52000 	C:\Users\Fabian\.gradle\native\19\windows-amd64\native-platform.dll
0x00007ffc95a10000 - 0x00007ffc95a48000 	C:\WINDOWS\SYSTEM32\IPHLPAPI.DLL
0x00007ffc97a00000 - 0x00007ffc97a08000 	C:\WINDOWS\System32\NSI.dll
0x00007ffc8f970000 - 0x00007ffc8f986000 	C:\WINDOWS\SYSTEM32\dhcpcsvc6.DLL
0x00007ffc8fa30000 - 0x00007ffc8fa4a000 	C:\WINDOWS\SYSTEM32\dhcpcsvc.DLL
0x00007ffc95ef0000 - 0x00007ffc95f07000 	C:\WINDOWS\SYSTEM32\CRYPTSP.dll
0x00007ffc95e00000 - 0x00007ffc95e33000 	C:\WINDOWS\system32\rsaenh.dll
0x00007ffc963c0000 - 0x00007ffc963eb000 	C:\WINDOWS\SYSTEM32\bcrypt.dll
0x00007ffc95b00000 - 0x00007ffc95b1f000 	C:\WINDOWS\SYSTEM32\USERENV.dll
0x00007ffc963b0000 - 0x00007ffc963bb000 	C:\WINDOWS\SYSTEM32\CRYPTBASE.dll

VM Arguments:
jvm_args: -XX:MaxPermSize=256m -XX:+HeapDumpOnOutOfMemoryError -Xmx1024m -Dfile.encoding=windows-1252 -Duser.country=419 -Duser.language=es -Duser.variant 
java_command: org.gradle.launcher.daemon.bootstrap.GradleDaemon 2.8
java_class_path (initial): C:\Program Files\Android\Android Studio2\gradle\gradle-2.8\lib\gradle-launcher-2.8.jar
Launcher Type: SUN_STANDARD

Environment Variables:
PATH=C:\Program Files\Microsoft MPI\Bin\;C:\MinGW\bin;C:\MinGW\libexec\gcc\x86_64-pc-mingw32\4.9.1;C:\ProgramData\Oracle\Java\javapath;C:\Program Files (x86)\NVIDIA Corporation\PhysX\Common;C:\Program Files (x86)\HP SimplePass\;C:\Program Files (x86)\AMD APP\bin\x86_64;C:\Program Files (x86)\AMD APP\bin\x86;C:\WINDOWS\system32;C:\WINDOWS;C:\WINDOWS\System32\Wbem;C:\WINDOWS\System32\WindowsPowerShell\v1.0\;C:\Program Files (x86)\Windows Live\Shared;C:\Program Files (x86)\ATI Technologies\ATI.ACE\Core-Static;C:\Program Files (x86)\Brackets\command;C:\Program Files (x86)\QuickTime\QTSystem\;C:\WINDOWS\system32\config\systemprofile\.dnx\bin;C:\Program Files\Microsoft DNX\Dnvm\;C:\Program Files (x86)\Windows Kits\8.1\Windows Performance Toolkit\;C:\Program Files\Microsoft SQL Server\130\Tools\Binn\;C:\Program Files (x86)\Microsoft SQL Server\130\Tools\Binn\;C:\Program Files (x86)\Microsoft SQL Server\130\DTS\Binn\;C:\Program Files\Microsoft SQL Server\130\DTS\Binn\;C:\Program Files\Microsoft SQL Server\Client SDK\ODBC\130\Tools\Binn\;C:\Program Files (x86)\Microsoft SQL Server\Client SDK\ODBC\130\Tools\Binn\;C:\Program Files (x86)\Microsoft SQL Server\130\Tools\Binn\ManagementStudio\;C:\Program Files\PostgreSQL\pg96\bin;C:\Program Files\Git\cmd;C:\Users\Fabian\AppData\Local\Microsoft\WindowsApps;
USERNAME=Fabian
OS=Windows_NT
PROCESSOR_IDENTIFIER=AMD64 Family 21 Model 19 Stepping 1, AuthenticAMD



---------------  S Y S T E M  ---------------

OS: Windows 10.0 , 64 bit Build 14393 (10.0.14393.0)

CPU:total 4 (4 cores per cpu, 1 threads per core) family 21 model 19 stepping 1, cmov, cx8, fxsr, mmx, sse, sse2, sse3, ssse3, sse4.1, sse4.2, popcnt, avx, aes, clmul, mmxext, 3dnowpref, lzcnt, sse4a, tsc, tscinvbit, tscinv, bmi1

Memory: 4k page, physical 7563528k(3891252k free), swap 8177928k(9540k free)

vm_info: Java HotSpot(TM) 64-Bit Server VM (25.66-b18) for windows-amd64 JRE (1.8.0_66-b18), built on Nov  9 2015 10:51:13 by "java_re" with MS VC++ 10.0 (VS2010)

time: Wed Nov 16 11:12:55 2016
elapsed time: 17 seconds (0d 0h 0m 17s)

