#
# There is insufficient memory for the Java Runtime Environment to continue.
# Native memory allocation (malloc) failed to allocate 721520 bytes for Chunk::new
# Possible reasons:
#   The system is out of physical RAM or swap space
#   In 32 bit mode, the process size limit was hit
# Possible solutions:
#   Reduce memory load on the system
#   Increase physical memory or swap space
#   Check if swap backing store is full
#   Use 64 bit Java on a 64 bit OS
#   Decrease Java heap size (-Xmx/-Xms)
#   Decrease number of Java threads
#   Decrease Java thread stack sizes (-Xss)
#   Set larger code cache with -XX:ReservedCodeCacheSize=
# This output file may be truncated or incomplete.
#
#  Out of Memory Error (allocation.cpp:390), pid=16956, tid=10988
#
# JRE version: Java(TM) SE Runtime Environment (8.0_66-b18) (build 1.8.0_66-b18)
# Java VM: Java HotSpot(TM) 64-Bit Server VM (25.66-b18 mixed mode windows-amd64 compressed oops)
# Failed to write core dump. Minidumps are not enabled by default on client versions of Windows
#

---------------  T H R E A D  ---------------

Current thread (0x0000000014a8a800):  JavaThread "C2 CompilerThread0" daemon [_thread_in_native, id=10988, stack(0x00000000160e0000,0x00000000161e0000)]

Stack: [0x00000000160e0000,0x00000000161e0000]
[error occurred during error reporting (printing stack bounds), id 0xc0000005]

Native frames: (J=compiled Java code, j=interpreted, Vv=VM code, C=native code)


Current CompileTask:
C2:  17873 3578       4       groovy.lang.MetaClassImpl::checkIfStdMethod (179 bytes)


---------------  P R O C E S S  ---------------

Java Threads: ( => current thread )
  0x0000000017bf7000 JavaThread "File lock request listener" [_thread_in_native, id=14816, stack(0x000000001a510000,0x000000001a610000)]
  0x0000000017975000 JavaThread "Stdin handler" [_thread_blocked, id=7000, stack(0x0000000018e40000,0x0000000018f40000)]
  0x0000000017973800 JavaThread "Daemon worker" [_thread_in_vm, id=14892, stack(0x0000000018d40000,0x0000000018e40000)]
  0x000000001797d000 JavaThread "Cancel handler" [_thread_blocked, id=15588, stack(0x0000000018c40000,0x0000000018d40000)]
  0x0000000017911000 JavaThread "Handler for socket connection from /127.0.0.1:58175 to /127.0.0.1:58176" [_thread_in_native, id=2416, stack(0x0000000018b40000,0x0000000018c40000)]
  0x0000000017910800 JavaThread "Daemon" [_thread_blocked, id=14936, stack(0x0000000018a40000,0x0000000018b40000)]
  0x000000001771a000 JavaThread "Incoming local TCP Connector on port 58175" [_thread_in_native, id=10628, stack(0x00000000171e0000,0x00000000172e0000)]
  0x0000000016410800 JavaThread "Service Thread" daemon [_thread_blocked, id=8728, stack(0x00000000167e0000,0x00000000168e0000)]
  0x0000000014a84800 JavaThread "C1 CompilerThread2" daemon [_thread_blocked, id=9340, stack(0x00000000162e0000,0x00000000163e0000)]
  0x0000000014a7e000 JavaThread "C2 CompilerThread1" daemon [_thread_in_native, id=14132, stack(0x00000000161e0000,0x00000000162e0000)]
=>0x0000000014a8a800 JavaThread "C2 CompilerThread0" daemon [_thread_in_native, id=10988, stack(0x00000000160e0000,0x00000000161e0000)]
  0x0000000014a88800 JavaThread "Attach Listener" daemon [_thread_blocked, id=11288, stack(0x0000000015fe0000,0x00000000160e0000)]
  0x0000000014a87000 JavaThread "Signal Dispatcher" daemon [_thread_blocked, id=17084, stack(0x0000000015ee0000,0x0000000015fe0000)]
  0x00000000023a7800 JavaThread "Finalizer" daemon [_thread_blocked, id=8960, stack(0x0000000015cd0000,0x0000000015dd0000)]
  0x0000000014a49000 JavaThread "Reference Handler" daemon [_thread_blocked, id=2692, stack(0x0000000015bd0000,0x0000000015cd0000)]
  0x00000000022b2800 JavaThread "main" [_thread_blocked, id=2896, stack(0x00000000021b0000,0x00000000022b0000)]

Other Threads:
  0x0000000014a47800 VMThread [stack: 0x0000000015ad0000,0x0000000015bd0000] [id=16260]
  0x0000000016415000 WatcherThread [stack: 0x00000000168e0000,0x00000000169e0000] [id=12176]

VM state:not at safepoint (normal execution)

VM Mutex/Monitor currently owned by a thread: None

Heap:
 PSYoungGen      total 136704K, used 50942K [0x00000000eab00000, 0x00000000f4080000, 0x0000000100000000)
  eden space 125952K, 31% used [0x00000000eab00000,0x00000000ed244ae0,0x00000000f2600000)
  from space 10752K, 99% used [0x00000000f3280000,0x00000000f3cfb038,0x00000000f3d00000)
  to   space 12800K, 0% used [0x00000000f2600000,0x00000000f2600000,0x00000000f3280000)
 ParOldGen       total 62464K, used 11586K [0x00000000c0000000, 0x00000000c3d00000, 0x00000000eab00000)
  object space 62464K, 18% used [0x00000000c0000000,0x00000000c0b508d0,0x00000000c3d00000)
 Metaspace       used 31890K, capacity 32534K, committed 32640K, reserved 1077248K
  class space    used 4208K, capacity 4407K, committed 4480K, reserved 1048576K

Card table byte_map: [0x0000000011770000,0x0000000011980000] byte_map_base: 0x0000000011170000

Marking Bits: (ParMarkBitMap*) 0x000000005b33a5b0
 Begin Bits: [0x0000000011ee0000, 0x0000000012ee0000)
 End Bits:   [0x0000000012ee0000, 0x0000000013ee0000)

Polling page: 0x0000000000b30000

CodeCache: size=245760Kb used=12110Kb max_used=12110Kb free=233649Kb
 bounds [0x00000000023b0000, 0x0000000002f90000, 0x00000000113b0000]
 total_blobs=3984 nmethods=3337 adapters=559
 compilation: enabled

Compilation events (10 events):
Event: 17.734 Thread 0x0000000014a84800 3625       3       org.gradle.internal.service.DefaultServiceRegistry$ParentServices$1::<init> (15 bytes)
Event: 17.735 Thread 0x0000000014a84800 nmethod 3625 0x0000000002f8b210 code [0x0000000002f8b360, 0x0000000002f8b530]
Event: 17.736 Thread 0x0000000014a84800 3626       3       java.lang.reflect.Method::acquireMethodAccessor (44 bytes)
Event: 17.737 Thread 0x0000000014a84800 nmethod 3626 0x0000000002f8b5d0 code [0x0000000002f8b760, 0x0000000002f8bdb8]
Event: 17.811 Thread 0x0000000014a84800 3627       3       java.net.URLClassLoader$1::run (5 bytes)
Event: 17.812 Thread 0x0000000014a84800 nmethod 3627 0x0000000002f8bf90 code [0x0000000002f8c100, 0x0000000002f8c288]
Event: 17.812 Thread 0x0000000014a84800 3628  s!   2       sun.misc.URLClassPath::getLoader (197 bytes)
Event: 17.816 Thread 0x0000000014a84800 nmethod 3628 0x0000000002f8c310 code [0x0000000002f8c5e0, 0x0000000002f8dbc8]
Event: 17.820 Thread 0x0000000014a84800 3629   !   3       java.net.URLClassLoader$1::run (63 bytes)
Event: 17.821 Thread 0x0000000014a84800 nmethod 3629 0x0000000002f8ee50 code [0x0000000002f8f020, 0x0000000002f8f528]

GC Heap History (10 events):
Event: 7.627 GC heap before
{Heap before GC invocations=5 (full 1):
 PSYoungGen      total 65024K, used 4584K [0x00000000eab00000, 0x00000000eef00000, 0x0000000100000000)
  eden space 60416K, 0% used [0x00000000eab00000,0x00000000eab00000,0x00000000ee600000)
  from space 4608K, 99% used [0x00000000eea80000,0x00000000eeefa0c0,0x00000000eef00000)
  to   space 4608K, 0% used [0x00000000ee600000,0x00000000ee600000,0x00000000eea80000)
 ParOldGen       total 79360K, used 8374K [0x00000000c0000000, 0x00000000c4d80000, 0x00000000eab00000)
  object space 79360K, 10% used [0x00000000c0000000,0x00000000c082dbb8,0x00000000c4d80000)
 Metaspace       used 20719K, capacity 21128K, committed 21296K, reserved 1067008K
  class space    used 2720K, capacity 2857K, committed 2944K, reserved 1048576K
Event: 7.751 GC heap after
Heap after GC invocations=5 (full 1):
 PSYoungGen      total 65024K, used 0K [0x00000000eab00000, 0x00000000eef00000, 0x0000000100000000)
  eden space 60416K, 0% used [0x00000000eab00000,0x00000000eab00000,0x00000000ee600000)
  from space 4608K, 0% used [0x00000000eea80000,0x00000000eea80000,0x00000000eef00000)
  to   space 4608K, 0% used [0x00000000ee600000,0x00000000ee600000,0x00000000eea80000)
 ParOldGen       total 62464K, used 11322K [0x00000000c0000000, 0x00000000c3d00000, 0x00000000eab00000)
  object space 62464K, 18% used [0x00000000c0000000,0x00000000c0b0eb38,0x00000000c3d00000)
 Metaspace       used 20719K, capacity 21128K, committed 21296K, reserved 1067008K
  class space    used 2720K, capacity 2857K, committed 2944K, reserved 1048576K
}
Event: 8.548 GC heap before
{Heap before GC invocations=6 (full 1):
 PSYoungGen      total 65024K, used 60416K [0x00000000eab00000, 0x00000000eef00000, 0x0000000100000000)
  eden space 60416K, 100% used [0x00000000eab00000,0x00000000ee600000,0x00000000ee600000)
  from space 4608K, 0% used [0x00000000eea80000,0x00000000eea80000,0x00000000eef00000)
  to   space 4608K, 0% used [0x00000000ee600000,0x00000000ee600000,0x00000000eea80000)
 ParOldGen       total 62464K, used 11322K [0x00000000c0000000, 0x00000000c3d00000, 0x00000000eab00000)
  object space 62464K, 18% used [0x00000000c0000000,0x00000000c0b0eb38,0x00000000c3d00000)
 Metaspace       used 21138K, capacity 21544K, committed 21632K, reserved 1069056K
  class space    used 2754K, capacity 2889K, committed 2944K, reserved 1048576K
Event: 8.554 GC heap after
Heap after GC invocations=6 (full 1):
 PSYoungGen      total 65024K, used 1600K [0x00000000eab00000, 0x00000000f1580000, 0x0000000100000000)
  eden space 60416K, 0% used [0x00000000eab00000,0x00000000eab00000,0x00000000ee600000)
  from space 4608K, 34% used [0x00000000ee600000,0x00000000ee790030,0x00000000eea80000)
  to   space 10752K, 0% used [0x00000000f0b00000,0x00000000f0b00000,0x00000000f1580000)
 ParOldGen       total 62464K, used 11330K [0x00000000c0000000, 0x00000000c3d00000, 0x00000000eab00000)
  object space 62464K, 18% used [0x00000000c0000000,0x00000000c0b10b38,0x00000000c3d00000)
 Metaspace       used 21138K, capacity 21544K, committed 21632K, reserved 1069056K
  class space    used 2754K, capacity 2889K, committed 2944K, reserved 1048576K
}
Event: 9.090 GC heap before
{Heap before GC invocations=7 (full 1):
 PSYoungGen      total 65024K, used 62016K [0x00000000eab00000, 0x00000000f1580000, 0x0000000100000000)
  eden space 60416K, 100% used [0x00000000eab00000,0x00000000ee600000,0x00000000ee600000)
  from space 4608K, 34% used [0x00000000ee600000,0x00000000ee790030,0x00000000eea80000)
  to   space 10752K, 0% used [0x00000000f0b00000,0x00000000f0b00000,0x00000000f1580000)
 ParOldGen       total 62464K, used 11330K [0x00000000c0000000, 0x00000000c3d00000, 0x00000000eab00000)
  object space 62464K, 18% used [0x00000000c0000000,0x00000000c0b10b38,0x00000000c3d00000)
 Metaspace       used 21150K, capacity 21544K, committed 21632K, reserved 1069056K
  class space    used 2754K, capacity 2889K, committed 2944K, reserved 1048576K
Event: 9.103 GC heap after
Heap after GC invocations=7 (full 1):
 PSYoungGen      total 98304K, used 1984K [0x00000000eab00000, 0x00000000f1800000, 0x0000000100000000)
  eden space 87552K, 0% used [0x00000000eab00000,0x00000000eab00000,0x00000000f0080000)
  from space 10752K, 18% used [0x00000000f0b00000,0x00000000f0cf0030,0x00000000f1580000)
  to   space 10752K, 0% used [0x00000000f0080000,0x00000000f0080000,0x00000000f0b00000)
 ParOldGen       total 62464K, used 11338K [0x00000000c0000000, 0x00000000c3d00000, 0x00000000eab00000)
  object space 62464K, 18% used [0x00000000c0000000,0x00000000c0b12b38,0x00000000c3d00000)
 Metaspace       used 21150K, capacity 21544K, committed 21632K, reserved 1069056K
  class space    used 2754K, capacity 2889K, committed 2944K, reserved 1048576K
}
Event: 11.715 GC heap before
{Heap before GC invocations=8 (full 1):
 PSYoungGen      total 98304K, used 89536K [0x00000000eab00000, 0x00000000f1800000, 0x0000000100000000)
  eden space 87552K, 100% used [0x00000000eab00000,0x00000000f0080000,0x00000000f0080000)
  from space 10752K, 18% used [0x00000000f0b00000,0x00000000f0cf0030,0x00000000f1580000)
  to   space 10752K, 0% used [0x00000000f0080000,0x00000000f0080000,0x00000000f0b00000)
 ParOldGen       total 62464K, used 11338K [0x00000000c0000000, 0x00000000c3d00000, 0x00000000eab00000)
  object space 62464K, 18% used [0x00000000c0000000,0x00000000c0b12b38,0x00000000c3d00000)
 Metaspace       used 24265K, capacity 24772K, committed 24960K, reserved 1071104K
  class space    used 3182K, capacity 3337K, committed 3456K, reserved 1048576K
Event: 11.739 GC heap after
Heap after GC invocations=8 (full 1):
 PSYoungGen      total 98304K, used 6531K [0x00000000eab00000, 0x00000000f3d00000, 0x0000000100000000)
  eden space 87552K, 0% used [0x00000000eab00000,0x00000000eab00000,0x00000000f0080000)
  from space 10752K, 60% used [0x00000000f0080000,0x00000000f06e0f30,0x00000000f0b00000)
  to   space 10752K, 0% used [0x00000000f3280000,0x00000000f3280000,0x00000000f3d00000)
 ParOldGen       total 62464K, used 11346K [0x00000000c0000000, 0x00000000c3d00000, 0x00000000eab00000)
  object space 62464K, 18% used [0x00000000c0000000,0x00000000c0b14b38,0x00000000c3d00000)
 Metaspace       used 24265K, capacity 24772K, committed 24960K, reserved 1071104K
  class space    used 3182K, capacity 3337K, committed 3456K, reserved 1048576K
}
Event: 15.343 GC heap before
{Heap before GC invocations=9 (full 1):
 PSYoungGen      total 98304K, used 94083K [0x00000000eab00000, 0x00000000f3d00000, 0x0000000100000000)
  eden space 87552K, 100% used [0x00000000eab00000,0x00000000f0080000,0x00000000f0080000)
  from space 10752K, 60% used [0x00000000f0080000,0x00000000f06e0f30,0x00000000f0b00000)
  to   space 10752K, 0% used [0x00000000f3280000,0x00000000f3280000,0x00000000f3d00000)
 ParOldGen       total 62464K, used 11346K [0x00000000c0000000, 0x00000000c3d00000, 0x00000000eab00000)
  object space 62464K, 18% used [0x00000000c0000000,0x00000000c0b14b38,0x00000000c3d00000)
 Metaspace       used 30059K, capacity 30714K, committed 30848K, reserved 1075200K
  class space    used 3996K, capacity 4159K, committed 4224K, reserved 1048576K
Event: 15.391 GC heap after
Heap after GC invocations=9 (full 1):
 PSYoungGen      total 136704K, used 10732K [0x00000000eab00000, 0x00000000f4080000, 0x0000000100000000)
  eden space 125952K, 0% used [0x00000000eab00000,0x00000000eab00000,0x00000000f2600000)
  from space 10752K, 99% used [0x00000000f3280000,0x00000000f3cfb038,0x00000000f3d00000)
  to   space 12800K, 0% used [0x00000000f2600000,0x00000000f2600000,0x00000000f3280000)
 ParOldGen       total 62464K, used 11586K [0x00000000c0000000, 0x00000000c3d00000, 0x00000000eab00000)
  object space 62464K, 18% used [0x00000000c0000000,0x00000000c0b508d0,0x00000000c3d00000)
 Metaspace       used 30059K, capacity 30714K, committed 30848K, reserved 1075200K
  class space    used 3996K, capacity 4159K, committed 4224K, reserved 1048576K
}

Deoptimization events (10 events):
Event: 14.795 Thread 0x0000000017973800 Uncommon trap: reason=unstable_if action=reinterpret pc=0x0000000002d3dfd0 method=com.sun.org.apache.xerces.internal.impl.XMLEntityScanner.scanContent(Lcom/sun/org/apache/xerces/internal/xni/XMLString;)I @ 124
Event: 14.897 Thread 0x0000000017973800 Uncommon trap: reason=unstable_if action=reinterpret pc=0x0000000002e0f770 method=com.sun.org.apache.xerces.internal.impl.XMLEntityScanner.scanContent(Lcom/sun/org/apache/xerces/internal/xni/XMLString;)I @ 632
Event: 15.190 Thread 0x0000000017973800 Uncommon trap: reason=unstable_if action=reinterpret pc=0x0000000002b162dc method=com.sun.org.apache.xerces.internal.impl.XMLEntityScanner.peekChar()I @ 51
Event: 15.620 Thread 0x0000000017973800 Uncommon trap: reason=unstable_if action=reinterpret pc=0x0000000002e01ef0 method=com.sun.org.apache.xerces.internal.parsers.AbstractDOMParser.characters(Lcom/sun/org/apache/xerces/internal/xni/XMLString;Lcom/sun/org/apache/xerces/internal/xni/AugmentationLy L/@
Event: 15.650 Thread 0x0000000017973800 Uncommon trap: reason=unstable_if action=reinterpret pc=0x0000000002da0be0 method=com.sun.org.apache.xerces.internal.impl.io.UTF8Reader.read([CII)I @ 131
Event: 15.853 Thread 0x0000000017973800 Uncommon trap: reason=unstable_if action=reinterpret pc=0x0000000002d71838 method=com.sun.org.apache.xerces.internal.impl.XMLEntityScanner.scanName()Ljava/lang/String; @ 69
Event: 17.153 Thread 0x0000000017973800 Uncommon trap: reason=unstable_if action=reinterpret pc=0x00000000027d2830 method=java.util.HashMap.hash(Ljava/lang/Object;)I @ 1
Event: 17.291 Thread 0x0000000017973800 Uncommon trap: reason=unstable_if action=reinterpret pc=0x0000000002f09674 method=com.esotericsoftware.kryo.io.Output.writeString(Ljava/lang/CharSequence;)V @ 1
Event: 17.746 Thread 0x0000000017973800 Uncommon trap: reason=unstable_if action=reinterpret pc=0x0000000002bfaf7c method=java.net.URLClassLoader.isSealed(Ljava/lang/String;Ljava/util/jar/Manifest;)Z @ 26
Event: 17.769 Thread 0x0000000017973800 Uncommon trap: reason=unstable_if action=reinterpret pc=0x0000000002c52b60 method=java.net.URLClassLoader.isSealed(Ljava/lang/String;Ljava/util/jar/Manifest;)Z @ 26

Internal exceptions (10 events):
Event: 17.646 Thread 0x0000000017973800 Exception <a 'java/lang/ClassNotFoundException': com/android/build/gradle/AppPluginBeanInfo> (0x00000000ecd4f4a0) thrown at [C:\re\workspace\8-2-build-windows-amd64-cygwin\jdk8u66\5298\hotspot\src\share\vm\classfile\systemDictionary.cpp, line 210]
Event: 17.647 Thread 0x0000000017973800 Exception <a 'java/lang/ClassNotFoundException': com/android/build/gradle/BasePluginBeanInfo> (0x00000000ecd5cc98) thrown at [C:\re\workspace\8-2-build-windows-amd64-cygwin\jdk8u66\5298\hotspot\src\share\vm\classfile\systemDictionary.cpp, line 210]
Event: 17.648 Thread 0x0000000017973800 Exception <a 'java/lang/ClassNotFoundException': com/android/build/gradle/BasePluginCustomizer> (0x00000000ecd6a808) thrown at [C:\re\workspace\8-2-build-windows-amd64-cygwin\jdk8u66\5298\hotspot\src\share\vm\classfile\systemDictionary.cpp, line 210]
Event: 17.649 Thread 0x0000000017973800 Exception <a 'java/lang/ClassNotFoundException': com/android/build/gradle/AppPluginCustomizer> (0x00000000ecd79638) thrown at [C:\re\workspace\8-2-build-windows-amd64-cygwin\jdk8u66\5298\hotspot\src\share\vm\classfile\systemDictionary.cpp, line 210]
Event: 17.672 Thread 0x0000000017973800 Exception <a 'java/lang/ClassNotFoundException': org/gradle/api/internal/ExtensibleDynamicObject$1BeanInfo> (0x00000000ece0b3b0) thrown at [C:\re\workspace\8-2-build-windows-amd64-cygwin\jdk8u66\5298\hotspot\src\share\vm\classfile\systemDictionary.cpp, lin
Event: 17.674 Thread 0x0000000017973800 Exception <a 'java/lang/ClassNotFoundException': org/gradle/api/internal/AbstractDynamicObjectBeanInfo> (0x00000000ece2f570) thrown at [C:\re\workspace\8-2-build-windows-amd64-cygwin\jdk8u66\5298\hotspot\src\share\vm\classfile\systemDictionary.cpp, line 21weû”­1@
Event: 17.676 Thread 0x0000000017973800 Exception <a 'java/lang/ClassNotFoundException': org/gradle/api/internal/AbstractDynamicObjectCustomizer> (0x00000000ece54a70) thrown at [C:\re\workspace\8-2-build-windows-amd64-cygwin\jdk8u66\5298\hotspot\src\share\vm\classfile\systemDictionary.cpp, line ôRñmÎ­1@
Event: 17.679 Thread 0x0000000017973800 Exception <a 'java/lang/ClassNotFoundException': org/gradle/api/internal/ExtensibleDynamicObject$1Customizer> (0x00000000ece83278) thrown at [C:\re\workspace\8-2-build-windows-amd64-cygwin\jdk8u66\5298\hotspot\src\share\vm\classfile\systemDictionary.cpp, lØI”°1@
Event: 17.690 Thread 0x0000000017973800 Exception <a 'java/lang/ClassNotFoundException': org/gradle/api/internal/DynamicObjectBeanInfo> (0x00000000ecebff10) thrown at [C:\re\workspace\8-2-build-windows-amd64-cygwin\jdk8u66\5298\hotspot\src\share\vm\classfile\systemDictionary.cpp, line 210]
Event: 17.695 Thread 0x0000000017973800 Exception <a 'java/lang/ClassNotFoundException': org/gradle/api/internal/DynamicObjectCustomizer> (0x00000000ecee11b0) thrown at [C:\re\workspace\8-2-build-windows-amd64-cygwin\jdk8u66\5298\hotspot\src\share\vm\classfile\systemDictionary.cpp, line 210]

Events (10 events):
Event: 17.851 loading class org/apache/tools/ant/PropertyHelper$PropertySetter
Event: 17.851 loading class org/apache/tools/ant/PropertyHelper$PropertySetter done
Event: 17.852 loading class org/apache/tools/ant/Main
Event: 17.852 loading class org/apache/tools/ant/Main done
Event: 17.854 loading class org/apache/tools/ant/launch/AntMain
Event: 17.854 loading class org/apache/tools/ant/launch/AntMain done
Event: 17.858 loading class org/apache/tools/ant/listener/SilentLogger
Event: 17.858 loading class org/apache/tools/ant/listener/SilentLogger done
Event: 17.863 loading class org/apache/tools/ant/ExitStatusException
Event: 17.863 loading class org/apache/tools/ant/ExitStatusException done


Dynamic libraries:
0x00007ff76f270000 - 0x00007ff76f2a7000 	C:\Program Files\Java\jdk1.8.0_66\bin\java.exe
0x00007ffc9a020000 - 0x00007ffc9a1f1000 	C:\WINDOWS\SYSTEM32\ntdll.dll
0x00007ffc99d40000 - 0x00007ffc99deb000 	C:\WINDOWS\System32\KERNEL32.DLL
0x00007ffc74d50000 - 0x00007ffc74d83000 	C:\Program Files (x86)\AVG\Av\avghooka.dll
0x00007ffc96790000 - 0x00007ffc969ad000 	C:\WINDOWS\System32\KERNELBASE.dll
0x00007ffc98550000 - 0x00007ffc985f2000 	C:\WINDOWS\System32\ADVAPI32.dll
0x00007ffc99ca0000 - 0x00007ffc99d3e000 	C:\WINDOWS\System32\msvcrt.dll
0x00007ffc99df0000 - 0x00007ffc99e49000 	C:\WINDOWS\System32\sechost.dll
0x00007ffc97850000 - 0x00007ffc97971000 	C:\WINDOWS\System32\RPCRT4.dll
0x00007ffc97fb0000 - 0x00007ffc98115000 	C:\WINDOWS\System32\USER32.dll
0x00007ffc965b0000 - 0x00007ffc965ce000 	C:\WINDOWS\System32\win32u.dll
0x00007ffc98600000 - 0x00007ffc98634000 	C:\WINDOWS\System32\GDI32.dll
0x00007ffc97420000 - 0x00007ffc975a2000 	C:\WINDOWS\System32\gdi32full.dll
0x00007ffc86030000 - 0x00007ffc862a9000 	C:\WINDOWS\WinSxS\amd64_microsoft.windows.common-controls_6595b64144ccf1df_6.0.14393.447_none_42191651c6827bb3\COMCTL32.dll
0x00007ffc97a10000 - 0x00007ffc97cd7000 	C:\WINDOWS\System32\combase.dll
0x00007ffc96620000 - 0x00007ffc96715000 	C:\WINDOWS\System32\ucrtbase.dll
0x00007ffc96720000 - 0x00007ffc9678a000 	C:\WINDOWS\System32\bcryptPrimitives.dll
0x00007ffc97f80000 - 0x00007ffc97fae000 	C:\WINDOWS\System32\IMM32.DLL
0x000000005a020000 - 0x000000005a0f2000 	C:\Program Files\Java\jdk1.8.0_66\jre\bin\msvcr100.dll
0x000000005ab30000 - 0x000000005b3b9000 	C:\Program Files\Java\jdk1.8.0_66\jre\bin\server\jvm.dll
0x00007ffc99e50000 - 0x00007ffc99e58000 	C:\WINDOWS\System32\PSAPI.DLL
0x00007ffc840e0000 - 0x00007ffc840e9000 	C:\WINDOWS\SYSTEM32\WSOCK32.dll
0x00007ffc99b70000 - 0x00007ffc99bda000 	C:\WINDOWS\System32\WS2_32.dll
0x00007ffc946d0000 - 0x00007ffc946f3000 	C:\WINDOWS\SYSTEM32\WINMM.dll
0x00007ffc91310000 - 0x00007ffc9131a000 	C:\WINDOWS\SYSTEM32\VERSION.dll
0x00007ffc946a0000 - 0x00007ffc946cb000 	C:\WINDOWS\SYSTEM32\WINMMBASE.dll
0x00007ffc965d0000 - 0x00007ffc96612000 	C:\WINDOWS\System32\cfgmgr32.dll
0x000000005b900000 - 0x000000005b90f000 	C:\Program Files\Java\jdk1.8.0_66\jre\bin\verify.dll
0x000000005b8d0000 - 0x000000005b8f9000 	C:\Program Files\Java\jdk1.8.0_66\jre\bin\java.dll
0x000000005b8b0000 - 0x000000005b8c6000 	C:\Program Files\Java\jdk1.8.0_66\jre\bin\zip.dll
0x00007ffc98660000 - 0x00007ffc99b69000 	C:\WINDOWS\System32\SHELL32.dll
0x00007ffc96b10000 - 0x00007ffc971ea000 	C:\WINDOWS\System32\windows.storage.dll
0x00007ffc96490000 - 0x00007ffc964dc000 	C:\WINDOWS\System32\powrprof.dll
0x00007ffc99be0000 - 0x00007ffc99c32000 	C:\WINDOWS\System32\shlwapi.dll
0x00007ffc96480000 - 0x00007ffc9648f000 	C:\WINDOWS\System32\kernel.appcore.dll
0x00007ffc969b0000 - 0x00007ffc96a59000 	C:\WINDOWS\System32\shcore.dll
0x00007ffc964e0000 - 0x00007ffc964f4000 	C:\WINDOWS\System32\profapi.dll
0x000000005b890000 - 0x000000005b8aa000 	C:\Program Files\Java\jdk1.8.0_66\jre\bin\net.dll
0x00007ffc95c80000 - 0x00007ffc95cdc000 	C:\WINDOWS\system32\mswsock.dll
0x000000005b870000 - 0x000000005b881000 	C:\Program Files\Java\jdk1.8.0_66\jre\bin\nio.dll
0x00007ffc92ff0000 - 0x00007ffc93002000 	C:\Users\Fabian\.gradle\native\19\windows-amd64\native-platform.dll
0x00007ffc95a10000 - 0x00007ffc95a48000 	C:\WINDOWS\SYSTEM32\IPHLPAPI.DLL
0x00007ffc97a00000 - 0x00007ffc97a08000 	C:\WINDOWS\System32\NSI.dll
0x00007ffc8f970000 - 0x00007ffc8f986000 	C:\WINDOWS\SYSTEM32\dhcpcsvc6.DLL
0x00007ffc8fa30000 - 0x00007ffc8fa4a000 	C:\WINDOWS\SYSTEM32\dhcpcsvc.DLL
0x00007ffc95ef0000 - 0x00007ffc95f07000 	C:\WINDOWS\SYSTEM32\CRYPTSP.dll
0x00007ffc95e00000 - 0x00007ffc95e33000 	C:\WINDOWS\system32\rsaenh.dll
0x00007ffc963c0000 - 0x00007ffc963eb000 	C:\WINDOWS\SYSTEM32\bcrypt.dll
0x00007ffc95b00000 - 0x00007ffc95b1f000 	C:\WINDOWS\SYSTEM32\USERENV.dll
0x00007ffc963b0000 - 0x00007ffc963bb000 	C:\WINDOWS\SYSTEM32\CRYPTBASE.dll

VM Arguments:
jvm_args: -XX:MaxPermSize=256m -XX:+HeapDumpOnOutOfMemoryError -Xmx1024m -Dfile.encoding=windows-1252 -Duser.country=419 -Duser.language=es -Duser.variant 
java_command: org.gradle.launcher.daemon.bootstrap.GradleDaemon 2.8
java_class_path (initial): C:\Program Files\Android\Android Studio2\gradle\gradle-2.8\lib\gradle-launcher-2.8.jar
Launcher Type: SUN_STANDARD

Environment Variables:
PATH=C:\Program Files\Microsoft MPI\Bin\;C:\MinGW\bin;C:\MinGW\libexec\gcc\x86_64-pc-mingw32\4.9.1;C:\ProgramData\Oracle\Java\javapath;C:\Program Files (x86)\NVIDIA Corporation\PhysX\Common;C:\Program Files (x86)\HP SimplePass\;C:\Program Files (x86)\AMD APP\bin\x86_64;C:\Program Files (x86)\AMD APP\bin\x86;C:\WINDOWS\system32;C:\WINDOWS;C:\WINDOWS\System32\Wbem;C:\WINDOWS\System32\WindowsPowerShell\v1.0\;C:\Program Files (x86)\Windows Live\Shared;C:\Program Files (x86)\ATI Technologies\ATI.ACE\Core-Static;C:\Program Files (x86)\Brackets\command;C:\Program Files (x86)\QuickTime\QTSystem\;C:\WINDOWS\system32\config\systemprofile\.dnx\bin;C:\Program Files\Microsoft DNX\Dnvm\;C:\Program Files (x86)\Windows Kits\8.1\Windows Performance Toolkit\;C:\Program Files\Microsoft SQL Server\130\Tools\Binn\;C:\Program Files (x86)\Microsoft SQL Server\130\Tools\Binn\;C:\Program Files (x86)\Microsoft SQL Server\130\DTS\Binn\;C:\Program Files\Microsoft SQL Server\130\DTS\Binn\;C:\Program Files\Microsoft SQL Server\Client SDK\ODBC\130\Tools\Binn\;C:\Program Files (x86)\Microsoft SQL Server\Client SDK\ODBC\130\Tools\Binn\;C:\Program Files (x86)\Microsoft SQL Server\130\Tools\Binn\ManagementStudio\;C:\Program Files\PostgreSQL\pg96\bin;C:\Program Files\Git\cmd;C:\Users\Fabian\AppData\Local\Microsoft\WindowsApps;
USERNAME=Fabian
OS=Windows_NT
PROCESSOR_IDENTIFIER=AMD64 Family 21 Model 19 Stepping 1, AuthenticAMD



---------------  S Y S T E M  ---------------

OS: Windows 10.0 , 64 bit Build 14393 (10.0.14393.0)

CPU:total 4 (4 cores per cpu, 1 threads per core) family 21 model 19 stepping 1, cmov, cx8, fxsr, mmx, sse, sse2, sse3, ssse3, sse4.1, sse4.2, popcnt, avx, aes, clmul, mmxext, 3dnowpref, lzcnt, sse4a, tsc, tscinvbit, tscinv, bmi1

Memory: 4k page, physical 7563528k(3935728k free), swap 8177928k(5544k free)

vm_info: Java HotSpot(TM) 64-Bit Server VM (25.66-b18) for windows-amd64 JRE (1.8.0_66-b18), built on Nov  9 2015 10:51:13 by "java_re" with MS VC++ 10.0 (VS2010)

time: Wed Nov 16 11:18:14 2016
elapsed time: 17 seconds (0d 0h 0m 17s)

