#
# There is insufficient memory for the Java Runtime Environment to continue.
# Native memory allocation (malloc) failed to allocate 1933456 bytes for Chunk::new
# Possible reasons:
#   The system is out of physical RAM or swap space
#   In 32 bit mode, the process size limit was hit
# Possible solutions:
#   Reduce memory load on the system
#   Increase physical memory or swap space
#   Check if swap backing store is full
#   Use 64 bit Java on a 64 bit OS
#   Decrease Java heap size (-Xmx/-Xms)
#   Decrease number of Java threads
#   Decrease Java thread stack sizes (-Xss)
#   Set larger code cache with -XX:ReservedCodeCacheSize=
# This output file may be truncated or incomplete.
#
#  Out of Memory Error (allocation.cpp:390), pid=232, tid=3308
#
# JRE version: Java(TM) SE Runtime Environment (8.0_66-b18) (build 1.8.0_66-b18)
# Java VM: Java HotSpot(TM) 64-Bit Server VM (25.66-b18 mixed mode windows-amd64 compressed oops)
# Failed to write core dump. Minidumps are not enabled by default on client versions of Windows
#

---------------  T H R E A D  ---------------

Current thread (0x00000000150fe800):  JavaThread "C2 CompilerThread0" daemon [_thread_in_native, id=3308, stack(0x0000000016760000,0x0000000016860000)]

Stack: [0x0000000016760000,0x0000000016860000]
[error occurred during error reporting (printing stack bounds), id 0xc0000005]

Native frames: (J=compiled Java code, j=interpreted, Vv=VM code, C=native code)


Current CompileTask:
C2:  14233 1931   !   4       java.net.URLClassLoader$1::run (63 bytes)


---------------  P R O C E S S  ---------------

Java Threads: ( => current thread )
  0x00000000170ae000 JavaThread "File lock request listener" [_thread_in_native, id=15784, stack(0x000000001ab90000,0x000000001ac90000)]
  0x0000000017c19000 JavaThread "Stdin handler" [_thread_blocked, id=14612, stack(0x00000000194c0000,0x00000000195c0000)]
  0x0000000017c20800 JavaThread "Daemon worker" [_thread_in_vm, id=10296, stack(0x00000000193c0000,0x00000000194c0000)]
  0x0000000017c26000 JavaThread "Cancel handler" [_thread_blocked, id=16400, stack(0x00000000192c0000,0x00000000193c0000)]
  0x0000000017bc3000 JavaThread "Handler for socket connection from /127.0.0.1:58426 to /127.0.0.1:58427" [_thread_in_native, id=11932, stack(0x00000000191c0000,0x00000000192c0000)]
  0x0000000017bc0000 JavaThread "Daemon" [_thread_blocked, id=11872, stack(0x00000000190c0000,0x00000000191c0000)]
  0x00000000178ea800 JavaThread "Incoming local TCP Connector on port 58426" [_thread_in_native, id=17260, stack(0x0000000018c70000,0x0000000018d70000)]
  0x0000000016964000 JavaThread "Service Thread" daemon [_thread_blocked, id=14568, stack(0x0000000016e60000,0x0000000016f60000)]
  0x000000001515e000 JavaThread "C1 CompilerThread2" daemon [_thread_blocked, id=6084, stack(0x0000000016d60000,0x0000000016e60000)]
  0x0000000015101800 JavaThread "C2 CompilerThread1" daemon [_thread_in_native, id=2308, stack(0x0000000016860000,0x0000000016960000)]
=>0x00000000150fe800 JavaThread "C2 CompilerThread0" daemon [_thread_in_native, id=3308, stack(0x0000000016760000,0x0000000016860000)]
  0x00000000150fc800 JavaThread "Attach Listener" daemon [_thread_blocked, id=7956, stack(0x0000000016660000,0x0000000016760000)]
  0x00000000150fb800 JavaThread "Signal Dispatcher" daemon [_thread_blocked, id=8812, stack(0x0000000016560000,0x0000000016660000)]
  0x0000000002922000 JavaThread "Finalizer" daemon [_thread_blocked, id=12476, stack(0x0000000016350000,0x0000000016450000)]
  0x000000000291f800 JavaThread "Reference Handler" daemon [_thread_blocked, id=16360, stack(0x0000000016250000,0x0000000016350000)]
  0x0000000002832800 JavaThread "main" [_thread_blocked, id=13540, stack(0x0000000002700000,0x0000000002800000)]

Other Threads:
  0x00000000150c7800 VMThread [stack: 0x0000000016150000,0x0000000016250000] [id=7744]
  0x000000001696a800 WatcherThread [stack: 0x0000000016f60000,0x0000000017060000] [id=12684]

VM state:not at safepoint (normal execution)

VM Mutex/Monitor currently owned by a thread: None

Heap:
 PSYoungGen      total 40960K, used 5184K [0x00000000eab00000, 0x00000000eef80000, 0x0000000100000000)
  eden space 30208K, 12% used [0x00000000eab00000,0x00000000eaeb80c0,0x00000000ec880000)
  from space 10752K, 12% used [0x00000000ee500000,0x00000000ee658030,0x00000000eef80000)
  to   space 4608K, 0% used [0x00000000ec880000,0x00000000ec880000,0x00000000ecd00000)
 ParOldGen       total 54784K, used 8181K [0x00000000c0000000, 0x00000000c3580000, 0x00000000eab00000)
  object space 54784K, 14% used [0x00000000c0000000,0x00000000c07fd6c0,0x00000000c3580000)
 Metaspace       used 21125K, capacity 21508K, committed 21632K, reserved 1069056K
  class space    used 2758K, capacity 2893K, committed 2944K, reserved 1048576K

Card table byte_map: [0x0000000011df0000,0x0000000012000000] byte_map_base: 0x00000000117f0000

Marking Bits: (ParMarkBitMap*) 0x000000005b33a5b0
 Begin Bits: [0x0000000012560000, 0x0000000013560000)
 End Bits:   [0x0000000013560000, 0x0000000014560000)

Polling page: 0x0000000000f20000

CodeCache: size=245760Kb used=7263Kb max_used=7263Kb free=238496Kb
 bounds [0x0000000002a30000, 0x0000000003150000, 0x0000000011a30000]
 total_blobs=2481 nmethods=1860 adapters=532
 compilation: enabled

Compilation events (10 events):
Event: 14.153 Thread 0x000000001515e000 1973       3       com.google.common.collect.MapMakerInternalMap$Strength$3::referenceValue (14 bytes)
Event: 14.154 Thread 0x000000001515e000 nmethod 1973 0x000000000313fbd0 code [0x000000000313fd60, 0x0000000003140150]
Event: 14.157 Thread 0x000000001515e000 1974       3       com.google.common.collect.MapMakerInternalMap$Segment::recordWrite (71 bytes)
Event: 14.158 Thread 0x000000001515e000 nmethod 1974 0x0000000003140350 code [0x0000000003140540, 0x0000000003141038]
Event: 14.158 Thread 0x000000001515e000 1975       3       com.google.common.collect.MapMakerInternalMap$Segment::evictEntries (67 bytes)
Event: 14.159 Thread 0x000000001515e000 nmethod 1975 0x00000000031414d0 code [0x00000000031416a0, 0x0000000003141e18]
Event: 14.159 Thread 0x000000001515e000 1976   !   3       com.google.common.collect.MapMakerInternalMap::processPendingNotifications (47 bytes)
Event: 14.160 Thread 0x000000001515e000 nmethod 1976 0x00000000031420d0 code [0x00000000031422e0, 0x0000000003142d78]
Event: 14.171 Thread 0x000000001515e000 1977       3       org.codehaus.groovy.ast.ClassNode::setRedirect (75 bytes)
Event: 14.174 Thread 0x000000001515e000 nmethod 1977 0x0000000003143250 code [0x00000000031434c0, 0x0000000003144558]

GC Heap History (10 events):
Event: 10.076 GC heap before
{Heap before GC invocations=2 (full 0):
 PSYoungGen      total 34816K, used 34027K [0x00000000eab00000, 0x00000000ed180000, 0x0000000100000000)
  eden space 30208K, 100% used [0x00000000eab00000,0x00000000ec880000,0x00000000ec880000)
  from space 4608K, 82% used [0x00000000ec880000,0x00000000ecc3aed0,0x00000000ecd00000)
  to   space 4608K, 0% used [0x00000000ecd00000,0x00000000ecd00000,0x00000000ed180000)
 ParOldGen       total 79360K, used 16K [0x00000000c0000000, 0x00000000c4d80000, 0x00000000eab00000)
  object space 79360K, 0% used [0x00000000c0000000,0x00000000c0004000,0x00000000c4d80000)
 Metaspace       used 12103K, capacity 12444K, committed 12544K, reserved 1060864K
  class space    used 1641K, capacity 1755K, committed 1792K, reserved 1048576K
Event: 10.099 GC heap after
Heap after GC invocations=2 (full 0):
 PSYoungGen      total 34816K, used 4605K [0x00000000eab00000, 0x00000000ed180000, 0x0000000100000000)
  eden space 30208K, 0% used [0x00000000eab00000,0x00000000eab00000,0x00000000ec880000)
  from space 4608K, 99% used [0x00000000ecd00000,0x00000000ed17f480,0x00000000ed180000)
  to   space 4608K, 0% used [0x00000000ec880000,0x00000000ec880000,0x00000000ecd00000)
 ParOldGen       total 79360K, used 1255K [0x00000000c0000000, 0x00000000c4d80000, 0x00000000eab00000)
  object space 79360K, 1% used [0x00000000c0000000,0x00000000c0139f20,0x00000000c4d80000)
 Metaspace       used 12103K, capacity 12444K, committed 12544K, reserved 1060864K
  class space    used 1641K, capacity 1755K, committed 1792K, reserved 1048576K
}
Event: 12.134 GC heap before
{Heap before GC invocations=3 (full 0):
 PSYoungGen      total 34816K, used 34813K [0x00000000eab00000, 0x00000000ed180000, 0x0000000100000000)
  eden space 30208K, 100% used [0x00000000eab00000,0x00000000ec880000,0x00000000ec880000)
  from space 4608K, 99% used [0x00000000ecd00000,0x00000000ed17f480,0x00000000ed180000)
  to   space 4608K, 0% used [0x00000000ec880000,0x00000000ec880000,0x00000000ecd00000)
 ParOldGen       total 79360K, used 1255K [0x00000000c0000000, 0x00000000c4d80000, 0x00000000eab00000)
  object space 79360K, 1% used [0x00000000c0000000,0x00000000c0139f20,0x00000000c4d80000)
 Metaspace       used 17888K, capacity 18290K, committed 18560K, reserved 1064960K
  class space    used 2436K, capacity 2568K, committed 2688K, reserved 1048576K
Event: 12.169 GC heap after
Heap after GC invocations=3 (full 0):
 PSYoungGen      total 34816K, used 4592K [0x00000000eab00000, 0x00000000ed180000, 0x0000000100000000)
  eden space 30208K, 0% used [0x00000000eab00000,0x00000000eab00000,0x00000000ec880000)
  from space 4608K, 99% used [0x00000000ec880000,0x00000000eccfc010,0x00000000ecd00000)
  to   space 4608K, 0% used [0x00000000ecd00000,0x00000000ecd00000,0x00000000ed180000)
 ParOldGen       total 79360K, used 5539K [0x00000000c0000000, 0x00000000c4d80000, 0x00000000eab00000)
  object space 79360K, 6% used [0x00000000c0000000,0x00000000c0568db8,0x00000000c4d80000)
 Metaspace       used 17888K, capacity 18290K, committed 18560K, reserved 1064960K
  class space    used 2436K, capacity 2568K, committed 2688K, reserved 1048576K
}
Event: 13.254 GC heap before
{Heap before GC invocations=4 (full 0):
 PSYoungGen      total 34816K, used 22705K [0x00000000eab00000, 0x00000000ed180000, 0x0000000100000000)
  eden space 30208K, 59% used [0x00000000eab00000,0x00000000ebcb0720,0x00000000ec880000)
  from space 4608K, 99% used [0x00000000ec880000,0x00000000eccfc010,0x00000000ecd00000)
  to   space 4608K, 0% used [0x00000000ecd00000,0x00000000ecd00000,0x00000000ed180000)
 ParOldGen       total 79360K, used 5539K [0x00000000c0000000, 0x00000000c4d80000, 0x00000000eab00000)
  object space 79360K, 6% used [0x00000000c0000000,0x00000000c0568db8,0x00000000c4d80000)
 Metaspace       used 20671K, capacity 21092K, committed 21296K, reserved 1067008K
  class space    used 2720K, capacity 2861K, committed 2944K, reserved 1048576K
Event: 13.271 GC heap after
Heap after GC invocations=4 (full 0):
 PSYoungGen      total 34816K, used 4584K [0x00000000eab00000, 0x00000000ed180000, 0x0000000100000000)
  eden space 30208K, 0% used [0x00000000eab00000,0x00000000eab00000,0x00000000ec880000)
  from space 4608K, 99% used [0x00000000ecd00000,0x00000000ed17a0c0,0x00000000ed180000)
  to   space 4608K, 0% used [0x00000000ec880000,0x00000000ec880000,0x00000000ecd00000)
 ParOldGen       total 79360K, used 8189K [0x00000000c0000000, 0x00000000c4d80000, 0x00000000eab00000)
  object space 79360K, 10% used [0x00000000c0000000,0x00000000c07ff628,0x00000000c4d80000)
 Metaspace       used 20671K, capacity 21092K, committed 21296K, reserved 1067008K
  class space    used 2720K, capacity 2861K, committed 2944K, reserved 1048576K
}
Event: 13.271 GC heap before
{Heap before GC invocations=5 (full 1):
 PSYoungGen      total 34816K, used 4584K [0x00000000eab00000, 0x00000000ed180000, 0x0000000100000000)
  eden space 30208K, 0% used [0x00000000eab00000,0x00000000eab00000,0x00000000ec880000)
  from space 4608K, 99% used [0x00000000ecd00000,0x00000000ed17a0c0,0x00000000ed180000)
  to   space 4608K, 0% used [0x00000000ec880000,0x00000000ec880000,0x00000000ecd00000)
 ParOldGen       total 79360K, used 8189K [0x00000000c0000000, 0x00000000c4d80000, 0x00000000eab00000)
  object space 79360K, 10% used [0x00000000c0000000,0x00000000c07ff628,0x00000000c4d80000)
 Metaspace       used 20671K, capacity 21092K, committed 21296K, reserved 1067008K
  class space    used 2720K, capacity 2861K, committed 2944K, reserved 1048576K
Event: 13.356 GC heap after
Heap after GC invocations=5 (full 1):
 PSYoungGen      total 34816K, used 0K [0x00000000eab00000, 0x00000000ed180000, 0x0000000100000000)
  eden space 30208K, 0% used [0x00000000eab00000,0x00000000eab00000,0x00000000ec880000)
  from space 4608K, 0% used [0x00000000ecd00000,0x00000000ecd00000,0x00000000ed180000)
  to   space 4608K, 0% used [0x00000000ec880000,0x00000000ec880000,0x00000000ecd00000)
 ParOldGen       total 54784K, used 8165K [0x00000000c0000000, 0x00000000c3580000, 0x00000000eab00000)
  object space 54784K, 14% used [0x00000000c0000000,0x00000000c07f96c0,0x00000000c3580000)
 Metaspace       used 20671K, capacity 21092K, committed 21296K, reserved 1067008K
  class space    used 2720K, capacity 2861K, committed 2944K, reserved 1048576K
}
Event: 13.810 GC heap before
{Heap before GC invocations=6 (full 1):
 PSYoungGen      total 34816K, used 30208K [0x00000000eab00000, 0x00000000ed180000, 0x0000000100000000)
  eden space 30208K, 100% used [0x00000000eab00000,0x00000000ec880000,0x00000000ec880000)
  from space 4608K, 0% used [0x00000000ecd00000,0x00000000ecd00000,0x00000000ed180000)
  to   space 4608K, 0% used [0x00000000ec880000,0x00000000ec880000,0x00000000ecd00000)
 ParOldGen       total 54784K, used 8165K [0x00000000c0000000, 0x00000000c3580000, 0x00000000eab00000)
  object space 54784K, 14% used [0x00000000c0000000,0x00000000c07f96c0,0x00000000c3580000)
 Metaspace       used 21077K, capacity 21508K, committed 21632K, reserved 1069056K
  class space    used 2758K, capacity 2893K, committed 2944K, reserved 1048576K
Event: 13.813 GC heap after
Heap after GC invocations=6 (full 1):
 PSYoungGen      total 34816K, used 1205K [0x00000000eab00000, 0x00000000eef80000, 0x0000000100000000)
  eden space 30208K, 0% used [0x00000000eab00000,0x00000000eab00000,0x00000000ec880000)
  from space 4608K, 26% used [0x00000000ec880000,0x00000000ec9ad5c0,0x00000000ecd00000)
  to   space 10752K, 0% used [0x00000000ee500000,0x00000000ee500000,0x00000000eef80000)
 ParOldGen       total 54784K, used 8173K [0x00000000c0000000, 0x00000000c3580000, 0x00000000eab00000)
  object space 54784K, 14% used [0x00000000c0000000,0x00000000c07fb6c0,0x00000000c3580000)
 Metaspace       used 21077K, capacity 21508K, committed 21632K, reserved 1069056K
  class space    used 2758K, capacity 2893K, committed 2944K, reserved 1048576K
}

Deoptimization events (10 events):
Event: 12.661 Thread 0x0000000017c20800 Uncommon trap: reason=class_check action=maybe_recompile pc=0x0000000002bf1688 method=sun.misc.URLClassPath.getLoader(I)Lsun/misc/URLClassPath$Loader; @ 193
Event: 13.485 Thread 0x0000000017c20800 Uncommon trap: reason=unstable_if action=reinterpret pc=0x0000000002cffd28 method=groovyjarjarantlr.CharQueue.append(C)V @ 9
Event: 13.707 Thread 0x0000000017c20800 Uncommon trap: reason=unstable_if action=reinterpret pc=0x00000000030ea944 method=org.gradle.groovy.scripts.internal.DefaultScriptCompilationHandler$ShortcutClassNodeResolver.findClassNode(Ljava/lang/String;Lorg/codehaus/groovy/control/CompilationUnit;)Lork±æ{j+@
Event: 13.708 Thread 0x0000000017c20800 Uncommon trap: reason=unstable_if action=reinterpret pc=0x00000000030f0a68 method=org.codehaus.groovy.ast.ClassNode.<init>(Ljava/lang/String;ILorg/codehaus/groovy/ast/ClassNode;[Lorg/codehaus/groovy/ast/ClassNode;[Lorg/codehaus/groovy/ast/MixinNode;)V @ 88;‡:ÔŠj+@
Event: 13.708 Thread 0x0000000017c20800 Uncommon trap: reason=unstable_if action=reinterpret pc=0x00000000030ee2f0 method=org.codehaus.groovy.ast.ClassNode.getCompileUnit()Lorg/codehaus/groovy/ast/CompileUnit; @ 19
Event: 13.708 Thread 0x0000000017c20800 Uncommon trap: reason=unstable_if action=reinterpret pc=0x00000000030b819c method=org.codehaus.groovy.ast.ClassNode.redirect()Lorg/codehaus/groovy/ast/ClassNode; @ 4
Event: 13.720 Thread 0x0000000017c20800 Uncommon trap: reason=unstable_if action=reinterpret pc=0x00000000030d461c method=org.codehaus.groovy.ast.ClassNode.redirect()Lorg/codehaus/groovy/ast/ClassNode; @ 4
Event: 13.729 Thread 0x0000000017c20800 Uncommon trap: reason=unstable_if action=reinterpret pc=0x0000000002d08b30 method=java.util.LinkedHashMap.afterNodeInsertion(Z)V @ 1
Event: 13.892 Thread 0x0000000017c20800 Uncommon trap: reason=bimorphic action=maybe_recompile pc=0x00000000030fbcd8 method=org.codehaus.groovy.control.ResolveVisitor.resolveFromCompileUnit(Lorg/codehaus/groovy/ast/ClassNode;)Z @ 16
Event: 14.156 Thread 0x0000000017c20800 Uncommon trap: reason=bimorphic action=maybe_recompile pc=0x00000000030fbcd8 method=org.codehaus.groovy.control.ResolveVisitor.resolveFromCompileUnit(Lorg/codehaus/groovy/ast/ClassNode;)Z @ 16

Internal exceptions (10 events):
Event: 12.679 Thread 0x0000000017c20800 Exception <a 'java/lang/ClassNotFoundException': groovy/lang/ClosureBeanInfo> (0x00000000eb084568) thrown at [C:\re\workspace\8-2-build-windows-amd64-cygwin\jdk8u66\5298\hotspot\src\share\vm\classfile\systemDictionary.cpp, line 210]
Event: 12.681 Thread 0x0000000017c20800 Exception <a 'java/lang/ClassNotFoundException': groovy/lang/ClosureCustomizer> (0x00000000eb098150) thrown at [C:\re\workspace\8-2-build-windows-amd64-cygwin\jdk8u66\5298\hotspot\src\share\vm\classfile\systemDictionary.cpp, line 210]
Event: 12.692 Thread 0x0000000017c20800 Exception <a 'java/lang/ClassNotFoundException': groovy/lang/Closure$1Customizer> (0x00000000eb0d4cf0) thrown at [C:\re\workspace\8-2-build-windows-amd64-cygwin\jdk8u66\5298\hotspot\src\share\vm\classfile\systemDictionary.cpp, line 210]
Event: 12.819 Thread 0x0000000017c20800 Exception <a 'java/lang/ClassNotFoundException': org/gradle/invocation/DefaultGradle_DecoratedBeanInfo> (0x00000000eb509880) thrown at [C:\re\workspace\8-2-build-windows-amd64-cygwin\jdk8u66\5298\hotspot\src\share\vm\classfile\systemDictionary.cpp, line 21Þã^¹¬)@
Event: 12.837 Thread 0x0000000017c20800 Exception <a 'java/lang/ClassNotFoundException': org/gradle/invocation/DefaultGradleBeanInfo> (0x00000000eb5237b0) thrown at [C:\re\workspace\8-2-build-windows-amd64-cygwin\jdk8u66\5298\hotspot\src\share\vm\classfile\systemDictionary.cpp, line 210]
Event: 12.840 Thread 0x0000000017c20800 Exception <a 'java/lang/ClassNotFoundException': org/gradle/api/internal/project/AbstractPluginAwareBeanInfo> (0x00000000eb543088) thrown at [C:\re\workspace\8-2-build-windows-amd64-cygwin\jdk8u66\5298\hotspot\src\share\vm\classfile\systemDictionary.cpp, l
Event: 12.847 Thread 0x0000000017c20800 Exception <a 'java/lang/ClassNotFoundException': org/gradle/api/internal/project/AbstractPluginAwareCustomizer> (0x00000000eb562fd0) thrown at [C:\re\workspace\8-2-build-windows-amd64-cygwin\jdk8u66\5298\hotspot\src\share\vm\classfile\systemDictionary.cpp,G…Æ«R³)@
Event: 12.850 Thread 0x0000000017c20800 Exception <a 'java/lang/ClassNotFoundException': org/gradle/invocation/DefaultGradleCustomizer> (0x00000000eb583af0) thrown at [C:\re\workspace\8-2-build-windows-amd64-cygwin\jdk8u66\5298\hotspot\src\share\vm\classfile\systemDictionary.cpp, line 210]
Event: 12.856 Thread 0x0000000017c20800 Exception <a 'java/lang/ClassNotFoundException': org/gradle/invocation/DefaultGradle_DecoratedCustomizer> (0x00000000eb5c4468) thrown at [C:\re\workspace\8-2-build-windows-amd64-cygwin\jdk8u66\5298\hotspot\src\share\vm\classfile\systemDictionary.cpp, line ÊWåwj+@
Event: 13.708 Thread 0x0000000017c20800 Implicit null exception at 0x00000000030f08c7 to 0x00000000030f0a4d

Events (10 events):
Event: 14.176 loading class groovy/lang/GroovyObject$File
Event: 14.176 loading class groovy/lang/GroovyObject$File done
Event: 14.177 loading class org/gradle/api/Script$File
Event: 14.177 loading class org/gradle/api/Script$File done
Event: 14.177 loading class org/gradle/api/Script$File
Event: 14.177 loading class org/gradle/api/Script$File done
Event: 14.178 loading class org/gradle/api/internal/file/FileOperations$File
Event: 14.178 loading class org/gradle/api/internal/file/FileOperations$File done
Event: 14.178 loading class org/gradle/api/internal/file/FileOperations$File
Event: 14.178 loading class org/gradle/api/internal/file/FileOperations$File done


Dynamic libraries:
0x00007ff6c9c70000 - 0x00007ff6c9ca7000 	C:\Program Files\Java\jdk1.8.0_66\bin\java.exe
0x00007ffc9a020000 - 0x00007ffc9a1f1000 	C:\WINDOWS\SYSTEM32\ntdll.dll
0x00007ffc99d40000 - 0x00007ffc99deb000 	C:\WINDOWS\System32\KERNEL32.DLL
0x00007ffc96790000 - 0x00007ffc969ad000 	C:\WINDOWS\System32\KERNELBASE.dll
0x00007ffc98550000 - 0x00007ffc985f2000 	C:\WINDOWS\System32\ADVAPI32.dll
0x00007ffc99ca0000 - 0x00007ffc99d3e000 	C:\WINDOWS\System32\msvcrt.dll
0x00007ffc99df0000 - 0x00007ffc99e49000 	C:\WINDOWS\System32\sechost.dll
0x00007ffc97850000 - 0x00007ffc97971000 	C:\WINDOWS\System32\RPCRT4.dll
0x00007ffc97fb0000 - 0x00007ffc98115000 	C:\WINDOWS\System32\USER32.dll
0x00007ffc965b0000 - 0x00007ffc965ce000 	C:\WINDOWS\System32\win32u.dll
0x00007ffc98600000 - 0x00007ffc98634000 	C:\WINDOWS\System32\GDI32.dll
0x00007ffc97420000 - 0x00007ffc975a2000 	C:\WINDOWS\System32\gdi32full.dll
0x00007ffc86030000 - 0x00007ffc862a9000 	C:\WINDOWS\WinSxS\amd64_microsoft.windows.common-controls_6595b64144ccf1df_6.0.14393.447_none_42191651c6827bb3\COMCTL32.dll
0x00007ffc97a10000 - 0x00007ffc97cd7000 	C:\WINDOWS\System32\combase.dll
0x00007ffc96620000 - 0x00007ffc96715000 	C:\WINDOWS\System32\ucrtbase.dll
0x00007ffc96720000 - 0x00007ffc9678a000 	C:\WINDOWS\System32\bcryptPrimitives.dll
0x00007ffc97f80000 - 0x00007ffc97fae000 	C:\WINDOWS\System32\IMM32.DLL
0x000000005a020000 - 0x000000005a0f2000 	C:\Program Files\Java\jdk1.8.0_66\jre\bin\msvcr100.dll
0x000000005ab30000 - 0x000000005b3b9000 	C:\Program Files\Java\jdk1.8.0_66\jre\bin\server\jvm.dll
0x00007ffc99e50000 - 0x00007ffc99e58000 	C:\WINDOWS\System32\PSAPI.DLL
0x00007ffc840e0000 - 0x00007ffc840e9000 	C:\WINDOWS\SYSTEM32\WSOCK32.dll
0x00007ffc99b70000 - 0x00007ffc99bda000 	C:\WINDOWS\System32\WS2_32.dll
0x00007ffc946d0000 - 0x00007ffc946f3000 	C:\WINDOWS\SYSTEM32\WINMM.dll
0x00007ffc91310000 - 0x00007ffc9131a000 	C:\WINDOWS\SYSTEM32\VERSION.dll
0x00007ffc946a0000 - 0x00007ffc946cb000 	C:\WINDOWS\SYSTEM32\WINMMBASE.dll
0x00007ffc965d0000 - 0x00007ffc96612000 	C:\WINDOWS\System32\cfgmgr32.dll
0x000000005b900000 - 0x000000005b90f000 	C:\Program Files\Java\jdk1.8.0_66\jre\bin\verify.dll
0x000000005b8d0000 - 0x000000005b8f9000 	C:\Program Files\Java\jdk1.8.0_66\jre\bin\java.dll
0x000000005b8b0000 - 0x000000005b8c6000 	C:\Program Files\Java\jdk1.8.0_66\jre\bin\zip.dll
0x00007ffc98660000 - 0x00007ffc99b69000 	C:\WINDOWS\System32\SHELL32.dll
0x00007ffc96b10000 - 0x00007ffc971ea000 	C:\WINDOWS\System32\windows.storage.dll
0x00007ffc96490000 - 0x00007ffc964dc000 	C:\WINDOWS\System32\powrprof.dll
0x00007ffc99be0000 - 0x00007ffc99c32000 	C:\WINDOWS\System32\shlwapi.dll
0x00007ffc96480000 - 0x00007ffc9648f000 	C:\WINDOWS\System32\kernel.appcore.dll
0x00007ffc969b0000 - 0x00007ffc96a59000 	C:\WINDOWS\System32\shcore.dll
0x00007ffc964e0000 - 0x00007ffc964f4000 	C:\WINDOWS\System32\profapi.dll
0x000000005b890000 - 0x000000005b8aa000 	C:\Program Files\Java\jdk1.8.0_66\jre\bin\net.dll
0x00007ffc95c80000 - 0x00007ffc95cdc000 	C:\WINDOWS\system32\mswsock.dll
0x000000005b870000 - 0x000000005b881000 	C:\Program Files\Java\jdk1.8.0_66\jre\bin\nio.dll
0x00007ffc90da0000 - 0x00007ffc90db2000 	C:\Users\Fabian\.gradle\native\19\windows-amd64\native-platform.dll
0x00007ffc95a10000 - 0x00007ffc95a48000 	C:\WINDOWS\SYSTEM32\IPHLPAPI.DLL
0x00007ffc97a00000 - 0x00007ffc97a08000 	C:\WINDOWS\System32\NSI.dll
0x00007ffc8f970000 - 0x00007ffc8f986000 	C:\WINDOWS\SYSTEM32\dhcpcsvc6.DLL
0x00007ffc8fa30000 - 0x00007ffc8fa4a000 	C:\WINDOWS\SYSTEM32\dhcpcsvc.DLL
0x00007ffc95ef0000 - 0x00007ffc95f07000 	C:\WINDOWS\SYSTEM32\CRYPTSP.dll
0x00007ffc95e00000 - 0x00007ffc95e33000 	C:\WINDOWS\system32\rsaenh.dll
0x00007ffc963c0000 - 0x00007ffc963eb000 	C:\WINDOWS\SYSTEM32\bcrypt.dll
0x00007ffc95b00000 - 0x00007ffc95b1f000 	C:\WINDOWS\SYSTEM32\USERENV.dll
0x00007ffc963b0000 - 0x00007ffc963bb000 	C:\WINDOWS\SYSTEM32\CRYPTBASE.dll

VM Arguments:
jvm_args: -XX:MaxPermSize=256m -XX:+HeapDumpOnOutOfMemoryError -Xmx1024m -Dfile.encoding=windows-1252 -Duser.country=419 -Duser.language=es -Duser.variant 
java_command: org.gradle.launcher.daemon.bootstrap.GradleDaemon 2.8
java_class_path (initial): C:\Program Files\Android\Android Studio2\gradle\gradle-2.8\lib\gradle-launcher-2.8.jar
Launcher Type: SUN_STANDARD

Environment Variables:
PATH=C:\Program Files\Microsoft MPI\Bin\;C:\MinGW\bin;C:\MinGW\libexec\gcc\x86_64-pc-mingw32\4.9.1;C:\ProgramData\Oracle\Java\javapath;C:\Program Files (x86)\NVIDIA Corporation\PhysX\Common;C:\Program Files (x86)\HP SimplePass\;C:\Program Files (x86)\AMD APP\bin\x86_64;C:\Program Files (x86)\AMD APP\bin\x86;C:\WINDOWS\system32;C:\WINDOWS;C:\WINDOWS\System32\Wbem;C:\WINDOWS\System32\WindowsPowerShell\v1.0\;C:\Program Files (x86)\Windows Live\Shared;C:\Program Files (x86)\ATI Technologies\ATI.ACE\Core-Static;C:\Program Files (x86)\Brackets\command;C:\Program Files (x86)\QuickTime\QTSystem\;C:\WINDOWS\system32\config\systemprofile\.dnx\bin;C:\Program Files\Microsoft DNX\Dnvm\;C:\Program Files (x86)\Windows Kits\8.1\Windows Performance Toolkit\;C:\Program Files\Microsoft SQL Server\130\Tools\Binn\;C:\Program Files (x86)\Microsoft SQL Server\130\Tools\Binn\;C:\Program Files (x86)\Microsoft SQL Server\130\DTS\Binn\;C:\Program Files\Microsoft SQL Server\130\DTS\Binn\;C:\Program Files\Microsoft SQL Server\Client SDK\ODBC\130\Tools\Binn\;C:\Program Files (x86)\Microsoft SQL Server\Client SDK\ODBC\130\Tools\Binn\;C:\Program Files (x86)\Microsoft SQL Server\130\Tools\Binn\ManagementStudio\;C:\Program Files\PostgreSQL\pg96\bin;C:\Program Files\Git\cmd;C:\Users\Fabian\AppData\Local\Microsoft\WindowsApps;
USERNAME=Fabian
OS=Windows_NT
PROCESSOR_IDENTIFIER=AMD64 Family 21 Model 19 Stepping 1, AuthenticAMD



---------------  S Y S T E M  ---------------

OS: Windows 10.0 , 64 bit Build 14393 (10.0.14393.0)

CPU:total 4 (4 cores per cpu, 1 threads per core) family 21 model 19 stepping 1, cmov, cx8, fxsr, mmx, sse, sse2, sse3, ssse3, sse4.1, sse4.2, popcnt, avx, aes, clmul, mmxext, 3dnowpref, lzcnt, sse4a, tsc, tscinvbit, tscinv, bmi1

Memory: 4k page, physical 7563528k(3904328k free), swap 8177928k(5620k free)

vm_info: Java HotSpot(TM) 64-Bit Server VM (25.66-b18) for windows-amd64 JRE (1.8.0_66-b18), built on Nov  9 2015 10:51:13 by "java_re" with MS VC++ 10.0 (VS2010)

time: Wed Nov 16 11:28:40 2016
elapsed time: 14 seconds (0d 0h 0m 14s)

