#
# There is insufficient memory for the Java Runtime Environment to continue.
# Native memory allocation (malloc) failed to allocate 1449296 bytes for Chunk::new
# Possible reasons:
#   The system is out of physical RAM or swap space
#   In 32 bit mode, the process size limit was hit
# Possible solutions:
#   Reduce memory load on the system
#   Increase physical memory or swap space
#   Check if swap backing store is full
#   Use 64 bit Java on a 64 bit OS
#   Decrease Java heap size (-Xmx/-Xms)
#   Decrease number of Java threads
#   Decrease Java thread stack sizes (-Xss)
#   Set larger code cache with -XX:ReservedCodeCacheSize=
# This output file may be truncated or incomplete.
#
#  Out of Memory Error (allocation.cpp:390), pid=11388, tid=12712
#
# JRE version: Java(TM) SE Runtime Environment (8.0_66-b18) (build 1.8.0_66-b18)
# Java VM: Java HotSpot(TM) 64-Bit Server VM (25.66-b18 mixed mode windows-amd64 compressed oops)
# Failed to write core dump. Minidumps are not enabled by default on client versions of Windows
#

---------------  T H R E A D  ---------------

Current thread (0x0000000014a9e800):  JavaThread "C2 CompilerThread0" daemon [_thread_in_native, id=12712, stack(0x0000000016110000,0x0000000016210000)]

Stack: [0x0000000016110000,0x0000000016210000]
[error occurred during error reporting (printing stack bounds), id 0xc0000005]

Native frames: (J=compiled Java code, j=interpreted, Vv=VM code, C=native code)


Current CompileTask:
C2:  17657 4231       4       java.lang.Class::privateGetPublicMethods (267 bytes)


---------------  P R O C E S S  ---------------

Java Threads: ( => current thread )
  0x000000001ae98800 JavaThread "File lock request listener" [_thread_in_native, id=14896, stack(0x000000001a4d0000,0x000000001a5d0000)]
  0x000000001777b800 JavaThread "Stdin handler" [_thread_blocked, id=17052, stack(0x0000000018e00000,0x0000000018f00000)]
  0x000000001775e000 JavaThread "Daemon worker" [_thread_in_native, id=17232, stack(0x0000000018d00000,0x0000000018e00000)]
  0x0000000017757800 JavaThread "Cancel handler" [_thread_blocked, id=15660, stack(0x0000000018c00000,0x0000000018d00000)]
  0x00000000176b0800 JavaThread "Handler for socket connection from /127.0.0.1:62160 to /127.0.0.1:62161" [_thread_in_native, id=16980, stack(0x0000000018b00000,0x0000000018c00000)]
  0x00000000176ad800 JavaThread "Daemon" [_thread_blocked, id=1456, stack(0x0000000018a00000,0x0000000018b00000)]
  0x000000001768a800 JavaThread "Incoming local TCP Connector on port 62160" [_thread_in_native, id=13016, stack(0x0000000017210000,0x0000000017310000)]
  0x0000000016438800 JavaThread "Service Thread" daemon [_thread_blocked, id=15628, stack(0x0000000016810000,0x0000000016910000)]
  0x0000000014aa8800 JavaThread "C1 CompilerThread2" daemon [_thread_blocked, id=12480, stack(0x0000000016310000,0x0000000016410000)]
  0x0000000014aa2000 JavaThread "C2 CompilerThread1" daemon [_thread_blocked, id=16156, stack(0x0000000016210000,0x0000000016310000)]
=>0x0000000014a9e800 JavaThread "C2 CompilerThread0" daemon [_thread_in_native, id=12712, stack(0x0000000016110000,0x0000000016210000)]
  0x0000000014a9c800 JavaThread "Attach Listener" daemon [_thread_blocked, id=13892, stack(0x0000000016010000,0x0000000016110000)]
  0x0000000014a9b000 JavaThread "Signal Dispatcher" daemon [_thread_blocked, id=8460, stack(0x0000000015f10000,0x0000000016010000)]
  0x00000000023c7800 JavaThread "Finalizer" daemon [_thread_blocked, id=3872, stack(0x0000000015d00000,0x0000000015e00000)]
  0x00000000023bf800 JavaThread "Reference Handler" daemon [_thread_blocked, id=15220, stack(0x0000000015c00000,0x0000000015d00000)]
  0x00000000022d2800 JavaThread "main" [_thread_blocked, id=4020, stack(0x00000000021d0000,0x00000000022d0000)]

Other Threads:
  0x0000000014a67800 VMThread [stack: 0x0000000015b00000,0x0000000015c00000] [id=10908]
  0x000000001645e800 WatcherThread [stack: 0x0000000016910000,0x0000000016a10000] [id=2308]

VM state:not at safepoint (normal execution)

VM Mutex/Monitor currently owned by a thread: None

Heap:
 PSYoungGen      total 130048K, used 78065K [0x00000000eab00000, 0x00000000f6680000, 0x0000000100000000)
  eden space 118272K, 66% used [0x00000000eab00000,0x00000000ef73c478,0x00000000f1e80000)
  from space 11776K, 0% used [0x00000000f5b00000,0x00000000f5b00000,0x00000000f6680000)
  to   space 9728K, 0% used [0x00000000f1e80000,0x00000000f1e80000,0x00000000f2800000)
 ParOldGen       total 52224K, used 22113K [0x00000000c0000000, 0x00000000c3300000, 0x00000000eab00000)
  object space 52224K, 42% used [0x00000000c0000000,0x00000000c1598788,0x00000000c3300000)
 Metaspace       used 37230K, capacity 38070K, committed 38144K, reserved 1081344K
  class space    used 5159K, capacity 5363K, committed 5376K, reserved 1048576K

Card table byte_map: [0x0000000011790000,0x00000000119a0000] byte_map_base: 0x0000000011190000

Marking Bits: (ParMarkBitMap*) 0x000000005ac0a5b0
 Begin Bits: [0x0000000011f00000, 0x0000000012f00000)
 End Bits:   [0x0000000012f00000, 0x0000000013f00000)

Polling page: 0x0000000002080000

CodeCache: size=245760Kb used=15409Kb max_used=15651Kb free=230350Kb
 bounds [0x00000000023d0000, 0x0000000003360000, 0x00000000113d0000]
 total_blobs=4711 nmethods=4037 adapters=586
 compilation: enabled

Compilation events (10 events):
Event: 16.006 Thread 0x0000000014aa2000 4275       4       org.codehaus.groovy.util.ComplexKeyHashMap$1::hasNext (13 bytes)
Event: 16.006 Thread 0x0000000014aa2000 nmethod 4275 0x000000000326e590 code [0x000000000326e6c0, 0x000000000326e738]
Event: 16.006 Thread 0x0000000014aa2000 4232       4       com.sun.beans.TypeResolver::erase (167 bytes)
Event: 16.011 Thread 0x0000000014aa2000 nmethod 4232 0x000000000257f310 code [0x000000000257f4c0, 0x000000000257f850]
Event: 16.011 Thread 0x0000000014aa2000 4276       4       org.objectweb.asm.Type::getInternalName (20 bytes)
Event: 16.016 Thread 0x0000000014aa2000 nmethod 4276 0x00000000027c8810 code [0x00000000027c8980, 0x00000000027c8d18]
Event: 16.016 Thread 0x0000000014aa2000 4268       4       java.lang.Integer::highestOneBit (38 bytes)
Event: 16.017 Thread 0x0000000014aa2000 nmethod 4268 0x000000000326ed10 code [0x000000000326ee40, 0x000000000326eeb8]
Event: 16.724 Thread 0x0000000014aa2000 4374       4       java.io.File::isInvalid (47 bytes)
Event: 16.728 Thread 0x0000000014aa2000 nmethod 4374 0x000000000255d1d0 code [0x000000000255d320, 0x000000000255d4b8]

GC Heap History (10 events):
Event: 7.015 GC heap before
{Heap before GC invocations=6 (full 1):
 PSYoungGen      total 65024K, used 4592K [0x00000000eab00000, 0x00000000f3500000, 0x0000000100000000)
  eden space 60416K, 0% used [0x00000000eab00000,0x00000000eab00000,0x00000000ee600000)
  from space 4608K, 99% used [0x00000000ee600000,0x00000000eea7c030,0x00000000eea80000)
  to   space 10240K, 0% used [0x00000000f2b00000,0x00000000f2b00000,0x00000000f3500000)
 ParOldGen       total 79360K, used 9921K [0x00000000c0000000, 0x00000000c4d80000, 0x00000000eab00000)
  object space 79360K, 12% used [0x00000000c0000000,0x00000000c09b07a8,0x00000000c4d80000)
 Metaspace       used 20890K, capacity 21198K, committed 21296K, reserved 1067008K
  class space    used 2812K, capacity 2910K, committed 2944K, reserved 1048576K
Event: 7.095 GC heap after
Heap after GC invocations=6 (full 1):
 PSYoungGen      total 65024K, used 0K [0x00000000eab00000, 0x00000000f3500000, 0x0000000100000000)
  eden space 60416K, 0% used [0x00000000eab00000,0x00000000eab00000,0x00000000ee600000)
  from space 4608K, 0% used [0x00000000ee600000,0x00000000ee600000,0x00000000eea80000)
  to   space 10240K, 0% used [0x00000000f2b00000,0x00000000f2b00000,0x00000000f3500000)
 ParOldGen       total 52224K, used 8009K [0x00000000c0000000, 0x00000000c3300000, 0x00000000eab00000)
  object space 52224K, 15% used [0x00000000c0000000,0x00000000c07d26d8,0x00000000c3300000)
 Metaspace       used 20890K, capacity 21198K, committed 21296K, reserved 1067008K
  class space    used 2812K, capacity 2910K, committed 2944K, reserved 1048576K
}
Event: 8.524 GC heap before
{Heap before GC invocations=7 (full 1):
 PSYoungGen      total 65024K, used 60416K [0x00000000eab00000, 0x00000000f3500000, 0x0000000100000000)
  eden space 60416K, 100% used [0x00000000eab00000,0x00000000ee600000,0x00000000ee600000)
  from space 4608K, 0% used [0x00000000ee600000,0x00000000ee600000,0x00000000eea80000)
  to   space 10240K, 0% used [0x00000000f2b00000,0x00000000f2b00000,0x00000000f3500000)
 ParOldGen       total 52224K, used 8009K [0x00000000c0000000, 0x00000000c3300000, 0x00000000eab00000)
  object space 52224K, 15% used [0x00000000c0000000,0x00000000c07d26d8,0x00000000c3300000)
 Metaspace       used 26670K, capacity 27156K, committed 27392K, reserved 1073152K
  class space    used 3639K, capacity 3760K, committed 3840K, reserved 1048576K
Event: 8.539 GC heap after
Heap after GC invocations=7 (full 1):
 PSYoungGen      total 109056K, used 6485K [0x00000000eab00000, 0x00000000f3180000, 0x0000000100000000)
  eden space 102400K, 0% used [0x00000000eab00000,0x00000000eab00000,0x00000000f0f00000)
  from space 6656K, 97% used [0x00000000f2b00000,0x00000000f3155688,0x00000000f3180000)
  to   space 9728K, 0% used [0x00000000f1e80000,0x00000000f1e80000,0x00000000f2800000)
 ParOldGen       total 52224K, used 8017K [0x00000000c0000000, 0x00000000c3300000, 0x00000000eab00000)
  object space 52224K, 15% used [0x00000000c0000000,0x00000000c07d46d8,0x00000000c3300000)
 Metaspace       used 26670K, capacity 27156K, committed 27392K, reserved 1073152K
  class space    used 3639K, capacity 3760K, committed 3840K, reserved 1048576K
}
Event: 12.132 GC heap before
{Heap before GC invocations=8 (full 1):
 PSYoungGen      total 109056K, used 108885K [0x00000000eab00000, 0x00000000f3180000, 0x0000000100000000)
  eden space 102400K, 100% used [0x00000000eab00000,0x00000000f0f00000,0x00000000f0f00000)
  from space 6656K, 97% used [0x00000000f2b00000,0x00000000f3155688,0x00000000f3180000)
  to   space 9728K, 0% used [0x00000000f1e80000,0x00000000f1e80000,0x00000000f2800000)
 ParOldGen       total 52224K, used 8017K [0x00000000c0000000, 0x00000000c3300000, 0x00000000eab00000)
  object space 52224K, 15% used [0x00000000c0000000,0x00000000c07d46d8,0x00000000c3300000)
 Metaspace       used 31725K, capacity 32300K, committed 32512K, reserved 1077248K
  class space    used 4332K, capacity 4533K, committed 4608K, reserved 1048576K
Event: 12.153 GC heap after
Heap after GC invocations=8 (full 1):
 PSYoungGen      total 128000K, used 9719K [0x00000000eab00000, 0x00000000f6680000, 0x0000000100000000)
  eden space 118272K, 0% used [0x00000000eab00000,0x00000000eab00000,0x00000000f1e80000)
  from space 9728K, 99% used [0x00000000f1e80000,0x00000000f27fdf58,0x00000000f2800000)
  to   space 11776K, 0% used [0x00000000f5b00000,0x00000000f5b00000,0x00000000f6680000)
 ParOldGen       total 52224K, used 9298K [0x00000000c0000000, 0x00000000c3300000, 0x00000000eab00000)
  object space 52224K, 17% used [0x00000000c0000000,0x00000000c0914ac8,0x00000000c3300000)
 Metaspace       used 31725K, capacity 32300K, committed 32512K, reserved 1077248K
  class space    used 4332K, capacity 4533K, committed 4608K, reserved 1048576K
}
Event: 13.654 GC heap before
{Heap before GC invocations=9 (full 1):
 PSYoungGen      total 128000K, used 74229K [0x00000000eab00000, 0x00000000f6680000, 0x0000000100000000)
  eden space 118272K, 54% used [0x00000000eab00000,0x00000000ee9ff830,0x00000000f1e80000)
  from space 9728K, 99% used [0x00000000f1e80000,0x00000000f27fdf58,0x00000000f2800000)
  to   space 11776K, 0% used [0x00000000f5b00000,0x00000000f5b00000,0x00000000f6680000)
 ParOldGen       total 52224K, used 9298K [0x00000000c0000000, 0x00000000c3300000, 0x00000000eab00000)
  object space 52224K, 17% used [0x00000000c0000000,0x00000000c0914ac8,0x00000000c3300000)
 Metaspace       used 34637K, capacity 35326K, committed 35456K, reserved 1079296K
  class space    used 4730K, capacity 4916K, committed 4992K, reserved 1048576K
Event: 13.686 GC heap after
Heap after GC invocations=9 (full 1):
 PSYoungGen      total 130048K, used 11773K [0x00000000eab00000, 0x00000000f6680000, 0x0000000100000000)
  eden space 118272K, 0% used [0x00000000eab00000,0x00000000eab00000,0x00000000f1e80000)
  from space 11776K, 99% used [0x00000000f5b00000,0x00000000f667f5f8,0x00000000f6680000)
  to   space 9728K, 0% used [0x00000000f1e80000,0x00000000f1e80000,0x00000000f2800000)
 ParOldGen       total 52224K, used 12020K [0x00000000c0000000, 0x00000000c3300000, 0x00000000eab00000)
  object space 52224K, 23% used [0x00000000c0000000,0x00000000c0bbd018,0x00000000c3300000)
 Metaspace       used 34637K, capacity 35326K, committed 35456K, reserved 1079296K
  class space    used 4730K, capacity 4916K, committed 4992K, reserved 1048576K
}
Event: 13.686 GC heap before
{Heap before GC invocations=10 (full 2):
 PSYoungGen      total 130048K, used 11773K [0x00000000eab00000, 0x00000000f6680000, 0x0000000100000000)
  eden space 118272K, 0% used [0x00000000eab00000,0x00000000eab00000,0x00000000f1e80000)
  from space 11776K, 99% used [0x00000000f5b00000,0x00000000f667f5f8,0x00000000f6680000)
  to   space 9728K, 0% used [0x00000000f1e80000,0x00000000f1e80000,0x00000000f2800000)
 ParOldGen       total 52224K, used 12020K [0x00000000c0000000, 0x00000000c3300000, 0x00000000eab00000)
  object space 52224K, 23% used [0x00000000c0000000,0x00000000c0bbd018,0x00000000c3300000)
 Metaspace       used 34637K, capacity 35326K, committed 35456K, reserved 1079296K
  class space    used 4730K, capacity 4916K, committed 4992K, reserved 1048576K
Event: 13.846 GC heap after
Heap after GC invocations=10 (full 2):
 PSYoungGen      total 130048K, used 0K [0x00000000eab00000, 0x00000000f6680000, 0x0000000100000000)
  eden space 118272K, 0% used [0x00000000eab00000,0x00000000eab00000,0x00000000f1e80000)
  from space 11776K, 0% used [0x00000000f5b00000,0x00000000f5b00000,0x00000000f6680000)
  to   space 9728K, 0% used [0x00000000f1e80000,0x00000000f1e80000,0x00000000f2800000)
 ParOldGen       total 52224K, used 22113K [0x00000000c0000000, 0x00000000c3300000, 0x00000000eab00000)
  object space 52224K, 42% used [0x00000000c0000000,0x00000000c1598788,0x00000000c3300000)
 Metaspace       used 34637K, capacity 35326K, committed 35456K, reserved 1079296K
  class space    used 4730K, capacity 4916K, committed 4992K, reserved 1048576K
}

Deoptimization events (10 events):
Event: 13.173 Thread 0x000000001775e000 Uncommon trap: reason=class_check action=maybe_recompile pc=0x0000000002e27904 method=com.sun.org.apache.xerces.internal.impl.XMLDocumentFragmentScannerImpl.scanEndElement()I @ 142
Event: 14.840 Thread 0x000000001775e000 Uncommon trap: reason=unstable_if action=reinterpret pc=0x000000000280a4bc method=org.objectweb.asm.Type.getArgumentsAndReturnSizes(Ljava/lang/String;)I @ 47
Event: 14.903 Thread 0x000000001775e000 Uncommon trap: reason=unstable_if action=reinterpret pc=0x0000000003201a70 method=java.util.TreeMap.put(Ljava/lang/Object;Ljava/lang/Object;)Ljava/lang/Object; @ 163
Event: 15.042 Thread 0x000000001775e000 Uncommon trap: reason=predicate action=maybe_recompile pc=0x00000000032ad688 method=java.util.AbstractCollection.toArray([Ljava/lang/Object;)[Ljava/lang/Object; @ 49
Event: 15.193 Thread 0x000000001775e000 Uncommon trap: reason=array_check action=maybe_recompile pc=0x00000000032ccd7c method=java.util.AbstractCollection.toArray([Ljava/lang/Object;)[Ljava/lang/Object; @ 119
Event: 15.193 Thread 0x000000001775e000 Uncommon trap: reason=array_check action=maybe_recompile pc=0x00000000032ccd7c method=java.util.AbstractCollection.toArray([Ljava/lang/Object;)[Ljava/lang/Object; @ 119
Event: 15.195 Thread 0x000000001775e000 Uncommon trap: reason=array_check action=maybe_recompile pc=0x00000000032ccd7c method=java.util.AbstractCollection.toArray([Ljava/lang/Object;)[Ljava/lang/Object; @ 119
Event: 15.196 Thread 0x000000001775e000 Uncommon trap: reason=array_check action=maybe_recompile pc=0x00000000032ccd7c method=java.util.AbstractCollection.toArray([Ljava/lang/Object;)[Ljava/lang/Object; @ 119
Event: 15.303 Thread 0x000000001775e000 Uncommon trap: reason=unstable_if action=reinterpret pc=0x00000000026ed9bc method=java.lang.reflect.AccessibleObject.setAccessible0(Ljava/lang/reflect/AccessibleObject;Z)V @ 23
Event: 15.424 Thread 0x000000001775e000 Uncommon trap: reason=unstable_if action=reinterpret pc=0x000000000260ece0 method=java.io.WinNTFileSystem.resolve(Ljava/lang/String;Ljava/lang/String;)Ljava/lang/String; @ 36

Internal exceptions (10 events):
Event: 15.056 Thread 0x000000001775e000 Exception <a 'java/lang/ClassNotFoundException': com/android/build/gradle/tasks/ProcessTestManifest_DecoratedCustomizer> (0x00000000ee9dbc80) thrown at [C:\re\workspace\8-2-build-windows-amd64-cygwin\jdk8u66\5298\hotspot\src\share\vm\classfile\systemDictioÂú±Ìá!.@
Event: 15.065 Thread 0x000000001775e000 Exception <a 'java/lang/ClassNotFoundException': com/android/build/gradle/internal/variant/TestVariantDataBeanInfo> (0x00000000eeab3a58) thrown at [C:\re\workspace\8-2-build-windows-amd64-cygwin\jdk8u66\5298\hotspot\src\share\vm\classfile\systemDictionary.ÊYx5“!.@
Event: 15.066 Thread 0x000000001775e000 Exception <a 'java/lang/ClassNotFoundException': com/android/build/gradle/internal/variant/TestVariantDataCustomizer> (0x00000000eeac5cc8) thrown at [C:\re\workspace\8-2-build-windows-amd64-cygwin\jdk8u66\5298\hotspot\src\share\vm\classfile\systemDictionarä¯¿’Èa.@
Event: 15.191 Thread 0x000000001775e000 Exception <a 'java/lang/ClassNotFoundException': com/android/build/gradle/internal/tasks/DeviceProviderInstrumentTestTask_DecoratedBeanInfo> (0x00000000eed2d2e8) thrown at [C:\re\workspace\8-2-build-windows-amd64-cygwin\jdk8u66\5298\hotspot\src\share\vm\cl
Event: 15.192 Thread 0x000000001775e000 Exception <a 'java/lang/ClassNotFoundException': com/android/build/gradle/internal/tasks/DeviceProviderInstrumentTestTaskBeanInfo> (0x00000000eed422d0) thrown at [C:\re\workspace\8-2-build-windows-amd64-cygwin\jdk8u66\5298\hotspot\src\share\vm\classfile\sy¯W3ùmb.@
Event: 15.192 Thread 0x000000001775e000 Exception <a 'java/lang/ClassNotFoundException': com/android/build/gradle/internal/tasks/DeviceProviderInstrumentTestTaskCustomizer> (0x00000000eed57310) thrown at [C:\re\workspace\8-2-build-windows-amd64-cygwin\jdk8u66\5298\hotspot\src\share\vm\classfile\ï∏Öjc.@
Event: 15.194 Thread 0x000000001775e000 Exception <a 'java/lang/ClassNotFoundException': com/android/build/gradle/internal/tasks/DeviceProviderInstrumentTestTask_DecoratedCustomizer> (0x00000000eed9e2e8) thrown at [C:\re\workspace\8-2-build-windows-amd64-cygwin\jdk8u66\5298\hotspot\src\share\vm\ŸŒµkõ.@
Event: 15.304 Thread 0x000000001775e000 Exception <a 'java/lang/SecurityException'> (0x00000000ef29d538) thrown at [C:\re\workspace\8-2-build-windows-amd64-cygwin\jdk8u66\5298\hotspot\src\share\vm\prims\jvm.cpp, line 1390]
Event: 15.305 Thread 0x000000001775e000 Exception <a 'java/lang/ClassNotFoundException': java/lang/ClassBeanInfo> (0x00000000ef2b4aa0) thrown at [C:\re\workspace\8-2-build-windows-amd64-cygwin\jdk8u66\5298\hotspot\src\share\vm\classfile\systemDictionary.cpp, line 210]
Event: 15.305 Thread 0x000000001775e000 Exception <a 'java/lang/ClassNotFoundException': java/lang/ClassCustomizer> (0x00000000ef2ba028) thrown at [C:\re\workspace\8-2-build-windows-amd64-cygwin\jdk8u66\5298\hotspot\src\share\vm\classfile\systemDictionary.cpp, line 210]

Events (10 events):
Event: 16.006 Thread 0x0000000014aa2000 flushing nmethod 0x0000000002bf7f90
Event: 16.006 Thread 0x0000000014aa2000 flushing nmethod 0x0000000002c207d0
Event: 16.006 Thread 0x0000000014aa2000 flushing nmethod 0x0000000002c28110
Event: 16.006 Thread 0x0000000014aa2000 flushing nmethod 0x0000000002c284d0
Event: 16.006 Thread 0x0000000014aa2000 flushing nmethod 0x0000000002c3f490
Event: 16.006 Thread 0x0000000014aa2000 flushing nmethod 0x0000000002c4d150
Event: 16.006 Thread 0x0000000014aa2000 flushing nmethod 0x0000000002c59110
Event: 16.006 Thread 0x0000000014aa2000 flushing nmethod 0x0000000002c63410
Event: 16.006 Thread 0x0000000014aa2000 flushing nmethod 0x0000000002c77090
Event: 16.006 Thread 0x0000000014aa2000 flushing nmethod 0x0000000002c86250


Dynamic libraries:
0x00007ff7496b0000 - 0x00007ff7496e7000 	C:\Program Files\Java\jdk1.8.0_66\bin\java.exe
0x00007ffc9a020000 - 0x00007ffc9a1f1000 	C:\WINDOWS\SYSTEM32\ntdll.dll
0x00007ffc99d40000 - 0x00007ffc99deb000 	C:\WINDOWS\System32\KERNEL32.DLL
0x00007ffc74d50000 - 0x00007ffc74d83000 	C:\Program Files (x86)\AVG\Av\avghooka.dll
0x00007ffc96790000 - 0x00007ffc969ad000 	C:\WINDOWS\System32\KERNELBASE.dll
0x00007ffc98550000 - 0x00007ffc985f2000 	C:\WINDOWS\System32\ADVAPI32.dll
0x00007ffc99ca0000 - 0x00007ffc99d3e000 	C:\WINDOWS\System32\msvcrt.dll
0x00007ffc99df0000 - 0x00007ffc99e49000 	C:\WINDOWS\System32\sechost.dll
0x00007ffc97850000 - 0x00007ffc97971000 	C:\WINDOWS\System32\RPCRT4.dll
0x00007ffc97fb0000 - 0x00007ffc98115000 	C:\WINDOWS\System32\USER32.dll
0x00007ffc965b0000 - 0x00007ffc965ce000 	C:\WINDOWS\System32\win32u.dll
0x00007ffc98600000 - 0x00007ffc98634000 	C:\WINDOWS\System32\GDI32.dll
0x00007ffc97420000 - 0x00007ffc975a2000 	C:\WINDOWS\System32\gdi32full.dll
0x00007ffc86030000 - 0x00007ffc862a9000 	C:\WINDOWS\WinSxS\amd64_microsoft.windows.common-controls_6595b64144ccf1df_6.0.14393.447_none_42191651c6827bb3\COMCTL32.dll
0x00007ffc97a10000 - 0x00007ffc97cd7000 	C:\WINDOWS\System32\combase.dll
0x00007ffc96620000 - 0x00007ffc96715000 	C:\WINDOWS\System32\ucrtbase.dll
0x00007ffc96720000 - 0x00007ffc9678a000 	C:\WINDOWS\System32\bcryptPrimitives.dll
0x00007ffc97f80000 - 0x00007ffc97fae000 	C:\WINDOWS\System32\IMM32.DLL
0x00000000598f0000 - 0x00000000599c2000 	C:\Program Files\Java\jdk1.8.0_66\jre\bin\msvcr100.dll
0x000000005a400000 - 0x000000005ac89000 	C:\Program Files\Java\jdk1.8.0_66\jre\bin\server\jvm.dll
0x00007ffc99e50000 - 0x00007ffc99e58000 	C:\WINDOWS\System32\PSAPI.DLL
0x00007ffc840e0000 - 0x00007ffc840e9000 	C:\WINDOWS\SYSTEM32\WSOCK32.dll
0x00007ffc99b70000 - 0x00007ffc99bda000 	C:\WINDOWS\System32\WS2_32.dll
0x00007ffc946d0000 - 0x00007ffc946f3000 	C:\WINDOWS\SYSTEM32\WINMM.dll
0x00007ffc91310000 - 0x00007ffc9131a000 	C:\WINDOWS\SYSTEM32\VERSION.dll
0x00007ffc946a0000 - 0x00007ffc946cb000 	C:\WINDOWS\SYSTEM32\WINMMBASE.dll
0x00007ffc965d0000 - 0x00007ffc96612000 	C:\WINDOWS\System32\cfgmgr32.dll
0x000000005b900000 - 0x000000005b90f000 	C:\Program Files\Java\jdk1.8.0_66\jre\bin\verify.dll
0x000000005b8d0000 - 0x000000005b8f9000 	C:\Program Files\Java\jdk1.8.0_66\jre\bin\java.dll
0x000000005b8b0000 - 0x000000005b8c6000 	C:\Program Files\Java\jdk1.8.0_66\jre\bin\zip.dll
0x00007ffc98660000 - 0x00007ffc99b69000 	C:\WINDOWS\System32\SHELL32.dll
0x00007ffc96b10000 - 0x00007ffc971ea000 	C:\WINDOWS\System32\windows.storage.dll
0x00007ffc96490000 - 0x00007ffc964dc000 	C:\WINDOWS\System32\powrprof.dll
0x00007ffc99be0000 - 0x00007ffc99c32000 	C:\WINDOWS\System32\shlwapi.dll
0x00007ffc96480000 - 0x00007ffc9648f000 	C:\WINDOWS\System32\kernel.appcore.dll
0x00007ffc969b0000 - 0x00007ffc96a59000 	C:\WINDOWS\System32\shcore.dll
0x00007ffc964e0000 - 0x00007ffc964f4000 	C:\WINDOWS\System32\profapi.dll
0x000000005b890000 - 0x000000005b8aa000 	C:\Program Files\Java\jdk1.8.0_66\jre\bin\net.dll
0x00007ffc95c80000 - 0x00007ffc95cdc000 	C:\WINDOWS\system32\mswsock.dll
0x000000005b870000 - 0x000000005b881000 	C:\Program Files\Java\jdk1.8.0_66\jre\bin\nio.dll
0x00007ffc8f0c0000 - 0x00007ffc8f0d2000 	C:\Users\Fabian\.gradle\native\19\windows-amd64\native-platform.dll
0x00007ffc95a10000 - 0x00007ffc95a48000 	C:\WINDOWS\SYSTEM32\IPHLPAPI.DLL
0x00007ffc97a00000 - 0x00007ffc97a08000 	C:\WINDOWS\System32\NSI.dll
0x00007ffc8f970000 - 0x00007ffc8f986000 	C:\WINDOWS\SYSTEM32\dhcpcsvc6.DLL
0x00007ffc8fa30000 - 0x00007ffc8fa4a000 	C:\WINDOWS\SYSTEM32\dhcpcsvc.DLL
0x00007ffc95ef0000 - 0x00007ffc95f07000 	C:\WINDOWS\SYSTEM32\CRYPTSP.dll
0x00007ffc95e00000 - 0x00007ffc95e33000 	C:\WINDOWS\system32\rsaenh.dll
0x00007ffc963c0000 - 0x00007ffc963eb000 	C:\WINDOWS\SYSTEM32\bcrypt.dll
0x00007ffc95b00000 - 0x00007ffc95b1f000 	C:\WINDOWS\SYSTEM32\USERENV.dll
0x00007ffc963b0000 - 0x00007ffc963bb000 	C:\WINDOWS\SYSTEM32\CRYPTBASE.dll
0x000000005b810000 - 0x000000005b81d000 	C:\Program Files\Java\jdk1.8.0_66\jre\bin\management.dll

VM Arguments:
jvm_args: -XX:MaxPermSize=256m -XX:+HeapDumpOnOutOfMemoryError -Xmx1024m -Dfile.encoding=windows-1252 -Duser.country=419 -Duser.language=es -Duser.variant 
java_command: org.gradle.launcher.daemon.bootstrap.GradleDaemon 2.8
java_class_path (initial): C:\Program Files\Android\Android Studio2\gradle\gradle-2.8\lib\gradle-launcher-2.8.jar
Launcher Type: SUN_STANDARD

Environment Variables:
PATH=C:\Program Files\Microsoft MPI\Bin\;C:\MinGW\bin;C:\MinGW\libexec\gcc\x86_64-pc-mingw32\4.9.1;C:\ProgramData\Oracle\Java\javapath;C:\Program Files (x86)\NVIDIA Corporation\PhysX\Common;C:\Program Files (x86)\HP SimplePass\;C:\Program Files (x86)\AMD APP\bin\x86_64;C:\Program Files (x86)\AMD APP\bin\x86;C:\WINDOWS\system32;C:\WINDOWS;C:\WINDOWS\System32\Wbem;C:\WINDOWS\System32\WindowsPowerShell\v1.0\;C:\Program Files (x86)\Windows Live\Shared;C:\Program Files (x86)\ATI Technologies\ATI.ACE\Core-Static;C:\Program Files (x86)\Brackets\command;C:\Program Files (x86)\QuickTime\QTSystem\;C:\WINDOWS\system32\config\systemprofile\.dnx\bin;C:\Program Files\Microsoft DNX\Dnvm\;C:\Program Files (x86)\Windows Kits\8.1\Windows Performance Toolkit\;C:\Program Files\Microsoft SQL Server\130\Tools\Binn\;C:\Program Files (x86)\Microsoft SQL Server\130\Tools\Binn\;C:\Program Files (x86)\Microsoft SQL Server\130\DTS\Binn\;C:\Program Files\Microsoft SQL Server\130\DTS\Binn\;C:\Program Files\Microsoft SQL Server\Client SDK\ODBC\130\Tools\Binn\;C:\Program Files (x86)\Microsoft SQL Server\Client SDK\ODBC\130\Tools\Binn\;C:\Program Files (x86)\Microsoft SQL Server\130\Tools\Binn\ManagementStudio\;C:\Program Files\PostgreSQL\pg96\bin;C:\Program Files\Git\cmd;C:\Users\Fabian\AppData\Local\Microsoft\WindowsApps;
USERNAME=Fabian
OS=Windows_NT
PROCESSOR_IDENTIFIER=AMD64 Family 21 Model 19 Stepping 1, AuthenticAMD



---------------  S Y S T E M  ---------------

OS: Windows 10.0 , 64 bit Build 14393 (10.0.14393.0)

CPU:total 4 (4 cores per cpu, 1 threads per core) family 21 model 19 stepping 1, cmov, cx8, fxsr, mmx, sse, sse2, sse3, ssse3, sse4.1, sse4.2, popcnt, avx, aes, clmul, mmxext, 3dnowpref, lzcnt, sse4a, tsc, tscinvbit, tscinv, bmi1

Memory: 4k page, physical 7563528k(3376696k free), swap 8177928k(5872k free)

vm_info: Java HotSpot(TM) 64-Bit Server VM (25.66-b18) for windows-amd64 JRE (1.8.0_66-b18), built on Nov  9 2015 10:51:13 by "java_re" with MS VC++ 10.0 (VS2010)

time: Tue Nov 15 10:29:24 2016
elapsed time: 17 seconds (0d 0h 0m 17s)

